mode: atomic
github.com/calionauta/gogogo-fullstack-template/cmd/desktop/main.go:32.13,40.32 3 0
github.com/calionauta/gogogo-fullstack-template/cmd/desktop/main.go:40.32,41.85 1 0
github.com/calionauta/gogogo-fullstack-template/cmd/desktop/main.go:41.85,43.4 1 0
github.com/calionauta/gogogo-fullstack-template/cmd/desktop/main.go:43.9,45.4 1 0
github.com/calionauta/gogogo-fullstack-template/cmd/desktop/main.go:46.8,46.29 1 0
github.com/calionauta/gogogo-fullstack-template/cmd/desktop/main.go:46.29,47.63 1 0
github.com/calionauta/gogogo-fullstack-template/cmd/desktop/main.go:47.63,49.4 1 0
github.com/calionauta/gogogo-fullstack-template/cmd/desktop/main.go:49.9,51.4 1 0
github.com/calionauta/gogogo-fullstack-template/cmd/desktop/main.go:57.2,58.16 2 0
github.com/calionauta/gogogo-fullstack-template/cmd/desktop/main.go:58.16,60.3 1 0
github.com/calionauta/gogogo-fullstack-template/cmd/desktop/main.go:67.2,67.37 1 0
github.com/calionauta/gogogo-fullstack-template/cmd/desktop/main.go:67.37,70.63 3 0
github.com/calionauta/gogogo-fullstack-template/cmd/desktop/main.go:70.63,72.4 1 0
github.com/calionauta/gogogo-fullstack-template/cmd/desktop/main.go:72.9,74.4 1 0
github.com/calionauta/gogogo-fullstack-template/cmd/desktop/main.go:80.3,83.13 4 0
github.com/calionauta/gogogo-fullstack-template/cmd/desktop/main.go:83.13,85.4 1 0
github.com/calionauta/gogogo-fullstack-template/cmd/desktop/main.go:86.3,86.13 1 0
github.com/calionauta/gogogo-fullstack-template/cmd/desktop/main.go:86.13,90.8 4 0
github.com/calionauta/gogogo-fullstack-template/cmd/desktop/main.go:90.8,91.12 1 0
github.com/calionauta/gogogo-fullstack-template/cmd/desktop/main.go:92.27,93.12 1 0
github.com/calionauta/gogogo-fullstack-template/cmd/desktop/main.go:94.16,96.15 2 0
github.com/calionauta/gogogo-fullstack-template/cmd/desktop/main.go:96.15,98.7 1 0
github.com/calionauta/gogogo-fullstack-template/cmd/desktop/main.go:99.6,99.36 1 0
github.com/calionauta/gogogo-fullstack-template/cmd/desktop/main.go:105.2,109.12 2 0
github.com/calionauta/gogogo-fullstack-template/cmd/desktop/main.go:109.12,111.23 2 0
github.com/calionauta/gogogo-fullstack-template/cmd/desktop/main.go:111.23,113.4 1 0
github.com/calionauta/gogogo-fullstack-template/cmd/desktop/main.go:114.3,115.46 2 0
github.com/calionauta/gogogo-fullstack-template/cmd/desktop/main.go:115.46,117.4 1 0
github.com/calionauta/gogogo-fullstack-template/cmd/desktop/main.go:122.2,123.16 2 0
github.com/calionauta/gogogo-fullstack-template/cmd/desktop/main.go:123.16,126.3 1 0
github.com/calionauta/gogogo-fullstack-template/cmd/desktop/main.go:127.2,137.22 2 0
github.com/calionauta/gogogo-fullstack-template/cmd/desktop/main.go:137.22,139.4 1 0
github.com/calionauta/gogogo-fullstack-template/cmd/desktop/main.go:142.2,143.40 2 0
github.com/calionauta/gogogo-fullstack-template/cmd/desktop/main.go:143.40,145.3 1 0
github.com/calionauta/gogogo-fullstack-template/cmd/web/dagnats.go:34.94,35.26 1 0
github.com/calionauta/gogogo-fullstack-template/cmd/web/dagnats.go:35.26,37.3 1 0
github.com/calionauta/gogogo-fullstack-template/cmd/web/dagnats.go:39.2,51.69 4 0
github.com/calionauta/gogogo-fullstack-template/cmd/web/dagnats.go:51.69,56.3 4 0
github.com/calionauta/gogogo-fullstack-template/cmd/web/dagnats.go:62.2,62.80 1 0
github.com/calionauta/gogogo-fullstack-template/cmd/web/dagnats.go:62.80,66.17 4 0
github.com/calionauta/gogogo-fullstack-template/cmd/web/dagnats.go:66.17,69.4 2 0
github.com/calionauta/gogogo-fullstack-template/cmd/web/dagnats.go:70.3,71.43 2 0
github.com/calionauta/gogogo-fullstack-template/cmd/web/dagnats.go:73.2,73.75 1 0
github.com/calionauta/gogogo-fullstack-template/cmd/web/dagnats.go:73.75,75.38 2 0
github.com/calionauta/gogogo-fullstack-template/cmd/web/dagnats.go:75.38,77.4 1 0
github.com/calionauta/gogogo-fullstack-template/cmd/web/dagnats.go:78.3,78.17 1 0
github.com/calionauta/gogogo-fullstack-template/cmd/web/dagnats.go:78.17,80.4 1 0
github.com/calionauta/gogogo-fullstack-template/cmd/web/dagnats.go:81.3,81.65 1 0
github.com/calionauta/gogogo-fullstack-template/cmd/web/dagnats.go:81.65,84.4 2 0
github.com/calionauta/gogogo-fullstack-template/cmd/web/dagnats.go:85.3,85.43 1 0
github.com/calionauta/gogogo-fullstack-template/cmd/web/dagnats.go:87.2,87.72 1 0
github.com/calionauta/gogogo-fullstack-template/cmd/web/dagnats.go:87.72,90.3 2 0
github.com/calionauta/gogogo-fullstack-template/cmd/web/dagnats.go:96.2,98.12 2 0
github.com/calionauta/gogogo-fullstack-template/cmd/web/dagnats.go:98.12,99.35 1 0
github.com/calionauta/gogogo-fullstack-template/cmd/web/dagnats.go:99.35,101.4 1 0
github.com/calionauta/gogogo-fullstack-template/cmd/web/dagnats.go:103.2,103.78 1 0
github.com/calionauta/gogogo-fullstack-template/cmd/web/dagnats.go:109.59,111.15 2 0
github.com/calionauta/gogogo-fullstack-template/cmd/web/dagnats.go:111.15,112.111 1 0
github.com/calionauta/gogogo-fullstack-template/cmd/web/dagnats.go:112.111,114.12 2 0
github.com/calionauta/gogogo-fullstack-template/cmd/web/dagnats.go:116.3,117.9 2 0
github.com/calionauta/gogogo-fullstack-template/cmd/web/dagnats.go:119.2,119.68 1 0
github.com/calionauta/gogogo-fullstack-template/cmd/web/dagnats.go:122.24,123.26 1 0
github.com/calionauta/gogogo-fullstack-template/cmd/web/dagnats.go:123.26,128.3 1 0
github.com/calionauta/gogogo-fullstack-template/cmd/web/main.go:23.13,28.48 1 0
github.com/calionauta/gogogo-fullstack-template/cmd/web/main.go:28.48,29.42 1 0
github.com/calionauta/gogogo-fullstack-template/cmd/web/main.go:29.42,31.4 1 0
github.com/calionauta/gogogo-fullstack-template/cmd/web/main.go:32.3,32.9 1 0
github.com/calionauta/gogogo-fullstack-template/cmd/web/main.go:34.2,34.30 1 0
github.com/calionauta/gogogo-fullstack-template/cmd/web/main.go:34.30,36.3 1 0
github.com/calionauta/gogogo-fullstack-template/cmd/web/main.go:39.29,43.16 4 0
github.com/calionauta/gogogo-fullstack-template/cmd/web/main.go:43.16,45.3 1 0
github.com/calionauta/gogogo-fullstack-template/cmd/web/main.go:46.2,47.16 2 0
github.com/calionauta/gogogo-fullstack-template/cmd/web/main.go:47.16,49.3 1 0
github.com/calionauta/gogogo-fullstack-template/cmd/web/main.go:50.2,51.38 2 0
github.com/calionauta/gogogo-fullstack-template/cmd/web/main.go:51.38,53.3 1 0
github.com/calionauta/gogogo-fullstack-template/cmd/web/main.go:54.2,54.12 1 0
github.com/calionauta/gogogo-fullstack-template/cmd/web/main.go:57.18,61.16 3 0
github.com/calionauta/gogogo-fullstack-template/cmd/web/main.go:61.16,63.3 1 0
github.com/calionauta/gogogo-fullstack-template/cmd/web/main.go:64.2,83.20 8 0
github.com/calionauta/gogogo-fullstack-template/cmd/web/main.go:83.20,85.3 1 0
github.com/calionauta/gogogo-fullstack-template/cmd/web/main.go:86.2,89.45 3 0
github.com/calionauta/gogogo-fullstack-template/cmd/web/main.go:89.45,91.3 1 0
github.com/calionauta/gogogo-fullstack-template/cmd/web/main.go:92.2,92.12 1 0
github.com/calionauta/gogogo-fullstack-template/cmd/web/nats.go:20.55,21.23 1 1
github.com/calionauta/gogogo-fullstack-template/cmd/web/nats.go:21.23,23.3 1 0
github.com/calionauta/gogogo-fullstack-template/cmd/web/nats.go:24.2,24.25 1 1
github.com/calionauta/gogogo-fullstack-template/cmd/web/nats.go:24.25,26.52 2 1
github.com/calionauta/gogogo-fullstack-template/cmd/web/nats.go:26.52,29.4 2 0
github.com/calionauta/gogogo-fullstack-template/cmd/web/nats.go:30.3,30.26 1 1
github.com/calionauta/gogogo-fullstack-template/cmd/web/nats.go:32.2,32.62 1 0
github.com/calionauta/gogogo-fullstack-template/cmd/web/nats.go:32.62,39.3 2 0
github.com/calionauta/gogogo-fullstack-template/cmd/web/nats.go:40.2,41.11 2 0
github.com/calionauta/gogogo-fullstack-template/config/config.go:129.21,131.19 2 0
github.com/calionauta/gogogo-fullstack-template/config/config.go:131.19,133.3 1 0
github.com/calionauta/gogogo-fullstack-template/config/config.go:137.2,142.37 4 0
github.com/calionauta/gogogo-fullstack-template/config/config.go:142.37,144.17 2 0
github.com/calionauta/gogogo-fullstack-template/config/config.go:144.17,146.4 1 0
github.com/calionauta/gogogo-fullstack-template/config/config.go:146.9,148.4 1 0
github.com/calionauta/gogogo-fullstack-template/config/config.go:151.2,177.12 10 0
github.com/calionauta/gogogo-fullstack-template/config/config.go:180.42,181.34 1 0
github.com/calionauta/gogogo-fullstack-template/config/config.go:181.34,183.3 1 0
github.com/calionauta/gogogo-fullstack-template/config/config.go:184.2,184.17 1 0
github.com/calionauta/gogogo-fullstack-template/config/config.go:191.41,193.13 2 0
github.com/calionauta/gogogo-fullstack-template/config/config.go:193.13,195.3 1 0
github.com/calionauta/gogogo-fullstack-template/config/config.go:196.2,197.16 2 0
github.com/calionauta/gogogo-fullstack-template/config/config.go:197.16,199.3 1 0
github.com/calionauta/gogogo-fullstack-template/config/config.go:200.2,200.10 1 0
github.com/calionauta/gogogo-fullstack-template/config/config.go:205.38,207.13 2 0
github.com/calionauta/gogogo-fullstack-template/config/config.go:207.13,209.3 1 0
github.com/calionauta/gogogo-fullstack-template/config/config.go:210.2,211.16 2 0
github.com/calionauta/gogogo-fullstack-template/config/config.go:211.16,213.3 1 0
github.com/calionauta/gogogo-fullstack-template/config/config.go:214.2,214.10 1 0
github.com/calionauta/gogogo-fullstack-template/config/config.go:225.30,227.29 2 0
github.com/calionauta/gogogo-fullstack-template/config/config.go:227.29,229.3 1 0
github.com/calionauta/gogogo-fullstack-template/config/config.go:230.2,231.37 2 0
github.com/calionauta/gogogo-fullstack-template/config/config.go:231.37,232.20 1 0
github.com/calionauta/gogogo-fullstack-template/config/config.go:232.20,234.9 2 0
github.com/calionauta/gogogo-fullstack-template/config/config.go:237.2,237.16 1 0
github.com/calionauta/gogogo-fullstack-template/config/config.go:237.16,239.3 1 0
github.com/calionauta/gogogo-fullstack-template/config/config.go:240.2,240.13 1 0
github.com/calionauta/gogogo-fullstack-template/config/config_prod.go:8.13,9.36 1 0
github.com/calionauta/gogogo-fullstack-template/config/config_prod.go:9.36,11.3 1 0
github.com/calionauta/gogogo-fullstack-template/config/dagnats_default.go:5.35,5.50 1 0
github.com/calionauta/gogogo-fullstack-template/config/nats_default.go:5.32,5.47 1 0
github.com/calionauta/gogogo-fullstack-template/db/pocketbase.go:20.63,24.51 1 0
github.com/calionauta/gogogo-fullstack-template/db/pocketbase.go:24.51,42.45 2 0
github.com/calionauta/gogogo-fullstack-template/db/pocketbase.go:42.45,43.56 1 0
github.com/calionauta/gogogo-fullstack-template/db/pocketbase.go:43.56,44.64 1 0
github.com/calionauta/gogogo-fullstack-template/db/pocketbase.go:44.64,46.7 1 0
github.com/calionauta/gogogo-fullstack-template/db/pocketbase.go:49.4,49.54 1 0
github.com/calionauta/gogogo-fullstack-template/db/pocketbase.go:53.2,53.57 1 0
github.com/calionauta/gogogo-fullstack-template/db/pocketbase.go:53.57,55.3 1 0
github.com/calionauta/gogogo-fullstack-template/db/pocketbase.go:57.2,57.17 1 0
github.com/calionauta/gogogo-fullstack-template/db/seed.go:29.53,30.57 1 0
github.com/calionauta/gogogo-fullstack-template/db/seed.go:30.57,31.55 1 0
github.com/calionauta/gogogo-fullstack-template/db/seed.go:31.55,33.4 1 0
github.com/calionauta/gogogo-fullstack-template/db/seed.go:34.3,34.48 1 0
github.com/calionauta/gogogo-fullstack-template/db/seed.go:34.48,36.4 1 0
github.com/calionauta/gogogo-fullstack-template/db/seed.go:40.3,40.60 1 0
github.com/calionauta/gogogo-fullstack-template/db/seed.go:40.60,42.4 1 0
github.com/calionauta/gogogo-fullstack-template/db/seed.go:45.3,45.61 1 0
github.com/calionauta/gogogo-fullstack-template/db/seed.go:45.61,47.4 1 0
github.com/calionauta/gogogo-fullstack-template/db/seed.go:48.3,48.19 1 0
github.com/calionauta/gogogo-fullstack-template/db/seed.go:50.2,50.12 1 0
github.com/calionauta/gogogo-fullstack-template/db/seed.go:58.48,60.16 2 2
github.com/calionauta/gogogo-fullstack-template/db/seed.go:60.16,68.3 2 1
github.com/calionauta/gogogo-fullstack-template/db/seed.go:72.2,72.42 1 2
github.com/calionauta/gogogo-fullstack-template/db/seed.go:72.42,74.18 2 1
github.com/calionauta/gogogo-fullstack-template/db/seed.go:74.18,76.4 1 0
github.com/calionauta/gogogo-fullstack-template/db/seed.go:77.3,82.69 2 1
github.com/calionauta/gogogo-fullstack-template/db/seed.go:95.2,96.58 2 2
github.com/calionauta/gogogo-fullstack-template/db/seed.go:96.58,99.3 2 1
github.com/calionauta/gogogo-fullstack-template/db/seed.go:100.2,100.58 1 2
github.com/calionauta/gogogo-fullstack-template/db/seed.go:100.58,103.3 2 1
github.com/calionauta/gogogo-fullstack-template/db/seed.go:105.2,105.38 1 2
github.com/calionauta/gogogo-fullstack-template/db/seed.go:105.38,107.3 1 0
github.com/calionauta/gogogo-fullstack-template/db/seed.go:108.2,108.12 1 2
github.com/calionauta/gogogo-fullstack-template/db/seed.go:116.54,118.16 2 0
github.com/calionauta/gogogo-fullstack-template/db/seed.go:118.16,126.3 2 0
github.com/calionauta/gogogo-fullstack-template/db/seed.go:131.2,132.56 2 0
github.com/calionauta/gogogo-fullstack-template/db/seed.go:132.56,135.3 2 0
github.com/calionauta/gogogo-fullstack-template/db/seed.go:136.2,136.56 1 0
github.com/calionauta/gogogo-fullstack-template/db/seed.go:136.56,139.3 2 0
github.com/calionauta/gogogo-fullstack-template/db/seed.go:141.2,141.38 1 0
github.com/calionauta/gogogo-fullstack-template/db/seed.go:141.38,143.3 1 0
github.com/calionauta/gogogo-fullstack-template/db/seed.go:144.2,144.12 1 0
github.com/calionauta/gogogo-fullstack-template/db/seed.go:150.41,152.16 2 0
github.com/calionauta/gogogo-fullstack-template/db/seed.go:152.16,155.3 1 0
github.com/calionauta/gogogo-fullstack-template/db/seed.go:156.2,156.104 1 0
github.com/calionauta/gogogo-fullstack-template/db/seed.go:156.104,161.52 2 0
github.com/calionauta/gogogo-fullstack-template/db/seed.go:161.52,163.4 1 0
github.com/calionauta/gogogo-fullstack-template/db/seed.go:164.3,164.13 1 0
github.com/calionauta/gogogo-fullstack-template/db/seed.go:166.2,169.49 4 0
github.com/calionauta/gogogo-fullstack-template/db/seed.go:169.49,171.3 1 0
github.com/calionauta/gogogo-fullstack-template/db/seed.go:172.2,173.12 2 0
github.com/calionauta/gogogo-fullstack-template/db/seed.go:186.53,188.16 2 0
github.com/calionauta/gogogo-fullstack-template/db/seed.go:188.16,193.3 1 0
github.com/calionauta/gogogo-fullstack-template/db/seed.go:195.2,197.56 3 0
github.com/calionauta/gogogo-fullstack-template/db/seed.go:197.56,200.3 2 0
github.com/calionauta/gogogo-fullstack-template/db/seed.go:201.2,201.56 1 0
github.com/calionauta/gogogo-fullstack-template/db/seed.go:201.56,204.3 2 0
github.com/calionauta/gogogo-fullstack-template/db/seed.go:207.2,207.48 1 0
github.com/calionauta/gogogo-fullstack-template/db/seed.go:207.48,211.3 3 0
github.com/calionauta/gogogo-fullstack-template/db/seed.go:213.2,213.14 1 0
github.com/calionauta/gogogo-fullstack-template/db/seed.go:213.14,215.3 1 0
github.com/calionauta/gogogo-fullstack-template/db/seed.go:216.2,216.38 1 0
github.com/calionauta/gogogo-fullstack-template/db/seed.go:216.38,218.3 1 0
github.com/calionauta/gogogo-fullstack-template/db/seed.go:219.2,220.12 2 0
github.com/calionauta/gogogo-fullstack-template/features/app/app.go:59.55,65.2 1 3
github.com/calionauta/gogogo-fullstack-template/features/app/app.go:74.39,84.2 2 1
github.com/calionauta/gogogo-fullstack-template/features/auth/auth.go:69.45,71.2 1 0
github.com/calionauta/gogogo-fullstack-template/features/auth/auth.go:74.33,75.24 1 0
github.com/calionauta/gogogo-fullstack-template/features/auth/auth.go:75.24,77.3 1 0
github.com/calionauta/gogogo-fullstack-template/features/auth/auth.go:109.53,111.9 2 0
github.com/calionauta/gogogo-fullstack-template/features/auth/auth.go:115.36,116.18 1 0
github.com/calionauta/gogogo-fullstack-template/features/auth/auth.go:118.2,119.38 2 0
github.com/calionauta/gogogo-fullstack-template/features/auth/auth.go:119.38,121.3 1 0
github.com/calionauta/gogogo-fullstack-template/features/auth/auth.go:122.2,123.16 2 0
github.com/calionauta/gogogo-fullstack-template/features/auth/auth.go:123.16,126.3 2 0
github.com/calionauta/gogogo-fullstack-template/features/auth/auth.go:127.2,128.17 2 0
github.com/calionauta/gogogo-fullstack-template/features/auth/auth.go:140.46,142.38 2 0
github.com/calionauta/gogogo-fullstack-template/features/auth/auth.go:142.38,144.3 1 0
github.com/calionauta/gogogo-fullstack-template/features/auth/auth.go:145.2,146.16 2 0
github.com/calionauta/gogogo-fullstack-template/features/auth/auth.go:146.16,148.3 1 0
github.com/calionauta/gogogo-fullstack-template/features/auth/auth.go:149.2,150.17 2 0
github.com/calionauta/gogogo-fullstack-template/features/auth/auth.go:157.56,158.19 1 0
github.com/calionauta/gogogo-fullstack-template/features/auth/auth.go:158.19,160.3 1 0
github.com/calionauta/gogogo-fullstack-template/features/auth/auth.go:161.2,161.50 1 0
github.com/calionauta/gogogo-fullstack-template/features/auth/auth.go:166.51,167.19 1 0
github.com/calionauta/gogogo-fullstack-template/features/auth/auth.go:167.19,169.3 1 0
github.com/calionauta/gogogo-fullstack-template/features/auth/auth.go:170.2,170.17 1 0
github.com/calionauta/gogogo-fullstack-template/features/auth/auth.go:176.54,177.46 1 0
github.com/calionauta/gogogo-fullstack-template/features/auth/auth.go:177.46,179.3 1 0
github.com/calionauta/gogogo-fullstack-template/features/auth/auth.go:180.2,182.35 3 0
github.com/calionauta/gogogo-fullstack-template/features/auth/auth.go:182.35,184.3 1 0
github.com/calionauta/gogogo-fullstack-template/features/auth/auth.go:188.2,189.16 2 0
github.com/calionauta/gogogo-fullstack-template/features/auth/auth.go:189.16,191.3 1 0
github.com/calionauta/gogogo-fullstack-template/features/auth/auth.go:192.2,192.40 1 0
github.com/calionauta/gogogo-fullstack-template/features/auth/auth.go:192.40,194.3 1 0
github.com/calionauta/gogogo-fullstack-template/features/auth/auth.go:197.2,198.16 2 0
github.com/calionauta/gogogo-fullstack-template/features/auth/auth.go:198.16,200.3 1 0
github.com/calionauta/gogogo-fullstack-template/features/auth/auth.go:201.2,205.69 3 0
github.com/calionauta/gogogo-fullstack-template/features/auth/auth.go:209.47,212.2 2 0
github.com/calionauta/gogogo-fullstack-template/features/auth/auth.go:218.57,244.2 2 0
github.com/calionauta/gogogo-fullstack-template/features/auth/auth.go:247.45,251.62 1 0
github.com/calionauta/gogogo-fullstack-template/features/auth/auth.go:251.62,261.3 1 0
github.com/calionauta/gogogo-fullstack-template/features/auth/theme_head_templ.go:17.34,18.131 1 0
github.com/calionauta/gogogo-fullstack-template/features/auth/theme_head_templ.go:18.131,20.71 2 0
github.com/calionauta/gogogo-fullstack-template/features/auth/theme_head_templ.go:20.71,22.4 1 0
github.com/calionauta/gogogo-fullstack-template/features/auth/theme_head_templ.go:23.3,24.31 2 0
github.com/calionauta/gogogo-fullstack-template/features/auth/theme_head_templ.go:24.31,25.17 1 0
github.com/calionauta/gogogo-fullstack-template/features/auth/theme_head_templ.go:25.17,27.34 2 0
github.com/calionauta/gogogo-fullstack-template/features/auth/theme_head_templ.go:27.34,29.6 1 0
github.com/calionauta/gogogo-fullstack-template/features/auth/theme_head_templ.go:32.3,34.33 3 0
github.com/calionauta/gogogo-fullstack-template/features/auth/theme_head_templ.go:34.33,36.4 1 0
github.com/calionauta/gogogo-fullstack-template/features/auth/theme_head_templ.go:37.3,39.32 3 0
github.com/calionauta/gogogo-fullstack-template/features/auth/theme_head_templ.go:39.32,41.4 1 0
github.com/calionauta/gogogo-fullstack-template/features/auth/theme_head_templ.go:42.3,42.13 1 0
github.com/calionauta/gogogo-fullstack-template/features/auth/views_templ.go:16.62,17.131 1 0
github.com/calionauta/gogogo-fullstack-template/features/auth/views_templ.go:17.131,19.71 2 0
github.com/calionauta/gogogo-fullstack-template/features/auth/views_templ.go:19.71,21.4 1 0
github.com/calionauta/gogogo-fullstack-template/features/auth/views_templ.go:22.3,23.31 2 0
github.com/calionauta/gogogo-fullstack-template/features/auth/views_templ.go:23.31,24.17 1 0
github.com/calionauta/gogogo-fullstack-template/features/auth/views_templ.go:24.17,26.34 2 0
github.com/calionauta/gogogo-fullstack-template/features/auth/views_templ.go:26.34,28.6 1 0
github.com/calionauta/gogogo-fullstack-template/features/auth/views_templ.go:31.3,33.33 3 0
github.com/calionauta/gogogo-fullstack-template/features/auth/views_templ.go:33.33,35.4 1 0
github.com/calionauta/gogogo-fullstack-template/features/auth/views_templ.go:36.3,38.32 3 0
github.com/calionauta/gogogo-fullstack-template/features/auth/views_templ.go:38.32,40.4 1 0
github.com/calionauta/gogogo-fullstack-template/features/auth/views_templ.go:41.3,45.32 3 0
github.com/calionauta/gogogo-fullstack-template/features/auth/views_templ.go:45.32,47.4 1 0
github.com/calionauta/gogogo-fullstack-template/features/auth/views_templ.go:48.3,49.32 2 0
github.com/calionauta/gogogo-fullstack-template/features/auth/views_templ.go:49.32,51.4 1 0
github.com/calionauta/gogogo-fullstack-template/features/auth/views_templ.go:52.3,54.32 3 0
github.com/calionauta/gogogo-fullstack-template/features/auth/views_templ.go:54.32,56.4 1 0
github.com/calionauta/gogogo-fullstack-template/features/auth/views_templ.go:57.3,58.32 2 0
github.com/calionauta/gogogo-fullstack-template/features/auth/views_templ.go:58.32,60.4 1 0
github.com/calionauta/gogogo-fullstack-template/features/auth/views_templ.go:61.3,62.32 2 0
github.com/calionauta/gogogo-fullstack-template/features/auth/views_templ.go:62.32,64.4 1 0
github.com/calionauta/gogogo-fullstack-template/features/auth/views_templ.go:65.3,69.32 3 0
github.com/calionauta/gogogo-fullstack-template/features/auth/views_templ.go:69.32,71.4 1 0
github.com/calionauta/gogogo-fullstack-template/features/auth/views_templ.go:72.3,73.32 2 0
github.com/calionauta/gogogo-fullstack-template/features/auth/views_templ.go:73.32,75.4 1 0
github.com/calionauta/gogogo-fullstack-template/features/auth/views_templ.go:76.3,78.32 3 0
github.com/calionauta/gogogo-fullstack-template/features/auth/views_templ.go:78.32,80.4 1 0
github.com/calionauta/gogogo-fullstack-template/features/auth/views_templ.go:81.3,82.32 2 0
github.com/calionauta/gogogo-fullstack-template/features/auth/views_templ.go:82.32,84.4 1 0
github.com/calionauta/gogogo-fullstack-template/features/auth/views_templ.go:85.3,86.32 2 0
github.com/calionauta/gogogo-fullstack-template/features/auth/views_templ.go:86.32,88.4 1 0
github.com/calionauta/gogogo-fullstack-template/features/auth/views_templ.go:89.3,89.22 1 0
github.com/calionauta/gogogo-fullstack-template/features/auth/views_templ.go:89.22,91.33 2 0
github.com/calionauta/gogogo-fullstack-template/features/auth/views_templ.go:91.33,93.5 1 0
github.com/calionauta/gogogo-fullstack-template/features/auth/views_templ.go:94.9,96.33 2 0
github.com/calionauta/gogogo-fullstack-template/features/auth/views_templ.go:96.33,98.5 1 0
github.com/calionauta/gogogo-fullstack-template/features/auth/views_templ.go:99.4,101.33 3 0
github.com/calionauta/gogogo-fullstack-template/features/auth/views_templ.go:101.33,103.5 1 0
github.com/calionauta/gogogo-fullstack-template/features/auth/views_templ.go:104.4,105.33 2 0
github.com/calionauta/gogogo-fullstack-template/features/auth/views_templ.go:105.33,107.5 1 0
github.com/calionauta/gogogo-fullstack-template/features/auth/views_templ.go:108.4,109.33 2 0
github.com/calionauta/gogogo-fullstack-template/features/auth/views_templ.go:109.33,111.5 1 0
github.com/calionauta/gogogo-fullstack-template/features/auth/views_templ.go:112.4,114.33 3 0
github.com/calionauta/gogogo-fullstack-template/features/auth/views_templ.go:114.33,116.5 1 0
github.com/calionauta/gogogo-fullstack-template/features/auth/views_templ.go:117.4,118.33 2 0
github.com/calionauta/gogogo-fullstack-template/features/auth/views_templ.go:118.33,120.5 1 0
github.com/calionauta/gogogo-fullstack-template/features/auth/views_templ.go:121.4,122.33 2 0
github.com/calionauta/gogogo-fullstack-template/features/auth/views_templ.go:122.33,124.5 1 0
github.com/calionauta/gogogo-fullstack-template/features/auth/views_templ.go:126.3,127.32 2 0
github.com/calionauta/gogogo-fullstack-template/features/auth/views_templ.go:127.32,129.4 1 0
github.com/calionauta/gogogo-fullstack-template/features/auth/views_templ.go:130.3,130.13 1 0
github.com/calionauta/gogogo-fullstack-template/features/auth/views_templ.go:137.60,138.131 1 0
github.com/calionauta/gogogo-fullstack-template/features/auth/views_templ.go:138.131,140.71 2 0
github.com/calionauta/gogogo-fullstack-template/features/auth/views_templ.go:140.71,142.4 1 0
github.com/calionauta/gogogo-fullstack-template/features/auth/views_templ.go:143.3,144.31 2 0
github.com/calionauta/gogogo-fullstack-template/features/auth/views_templ.go:144.31,145.17 1 0
github.com/calionauta/gogogo-fullstack-template/features/auth/views_templ.go:145.17,147.34 2 0
github.com/calionauta/gogogo-fullstack-template/features/auth/views_templ.go:147.34,149.6 1 0
github.com/calionauta/gogogo-fullstack-template/features/auth/views_templ.go:152.3,154.33 3 0
github.com/calionauta/gogogo-fullstack-template/features/auth/views_templ.go:154.33,156.4 1 0
github.com/calionauta/gogogo-fullstack-template/features/auth/views_templ.go:157.3,159.32 3 0
github.com/calionauta/gogogo-fullstack-template/features/auth/views_templ.go:159.32,161.4 1 0
github.com/calionauta/gogogo-fullstack-template/features/auth/views_templ.go:162.3,163.32 2 0
github.com/calionauta/gogogo-fullstack-template/features/auth/views_templ.go:163.32,165.4 1 0
github.com/calionauta/gogogo-fullstack-template/features/auth/views_templ.go:166.3,167.32 2 0
github.com/calionauta/gogogo-fullstack-template/features/auth/views_templ.go:167.32,169.4 1 0
github.com/calionauta/gogogo-fullstack-template/features/auth/views_templ.go:170.3,170.19 1 0
github.com/calionauta/gogogo-fullstack-template/features/auth/views_templ.go:170.19,172.33 2 0
github.com/calionauta/gogogo-fullstack-template/features/auth/views_templ.go:172.33,174.5 1 0
github.com/calionauta/gogogo-fullstack-template/features/auth/views_templ.go:175.4,177.33 3 0
github.com/calionauta/gogogo-fullstack-template/features/auth/views_templ.go:177.33,179.5 1 0
github.com/calionauta/gogogo-fullstack-template/features/auth/views_templ.go:180.4,181.33 2 0
github.com/calionauta/gogogo-fullstack-template/features/auth/views_templ.go:181.33,183.5 1 0
github.com/calionauta/gogogo-fullstack-template/features/auth/views_templ.go:184.4,185.33 2 0
github.com/calionauta/gogogo-fullstack-template/features/auth/views_templ.go:185.33,187.5 1 0
github.com/calionauta/gogogo-fullstack-template/features/auth/views_templ.go:189.3,190.32 2 0
github.com/calionauta/gogogo-fullstack-template/features/auth/views_templ.go:190.32,192.4 1 0
github.com/calionauta/gogogo-fullstack-template/features/auth/views_templ.go:193.3,195.32 3 0
github.com/calionauta/gogogo-fullstack-template/features/auth/views_templ.go:195.32,197.4 1 0
github.com/calionauta/gogogo-fullstack-template/features/auth/views_templ.go:198.3,199.32 2 0
github.com/calionauta/gogogo-fullstack-template/features/auth/views_templ.go:199.32,201.4 1 0
github.com/calionauta/gogogo-fullstack-template/features/auth/views_templ.go:202.3,203.32 2 0
github.com/calionauta/gogogo-fullstack-template/features/auth/views_templ.go:203.32,205.4 1 0
github.com/calionauta/gogogo-fullstack-template/features/auth/views_templ.go:206.3,206.13 1 0
github.com/calionauta/gogogo-fullstack-template/features/auth/wiring.go:29.40,33.2 3 0
github.com/calionauta/gogogo-fullstack-template/features/auth/wiring.go:40.56,42.2 1 0
github.com/calionauta/gogogo-fullstack-template/features/auth/wiring.go:47.49,49.95 2 0
github.com/calionauta/gogogo-fullstack-template/features/auth/wiring.go:49.95,52.90 1 0
github.com/calionauta/gogogo-fullstack-template/features/auth/wiring.go:52.90,54.4 1 0
github.com/calionauta/gogogo-fullstack-template/features/auth/wiring.go:56.2,56.37 1 0
github.com/calionauta/gogogo-fullstack-template/features/auth/wiring.go:63.61,64.19 1 0
github.com/calionauta/gogogo-fullstack-template/features/auth/wiring.go:64.19,66.3 1 0
github.com/calionauta/gogogo-fullstack-template/features/auth/wiring.go:67.2,67.26 1 0
github.com/calionauta/gogogo-fullstack-template/features/auth/wiring.go:73.67,75.16 2 0
github.com/calionauta/gogogo-fullstack-template/features/auth/wiring.go:75.16,77.3 1 0
github.com/calionauta/gogogo-fullstack-template/features/auth/wiring.go:78.2,80.72 3 0
github.com/calionauta/gogogo-fullstack-template/features/todo/components/layout_templ.go:26.83,27.131 1 1
github.com/calionauta/gogogo-fullstack-template/features/todo/components/layout_templ.go:27.131,29.71 2 1
github.com/calionauta/gogogo-fullstack-template/features/todo/components/layout_templ.go:29.71,31.4 1 0
github.com/calionauta/gogogo-fullstack-template/features/todo/components/layout_templ.go:32.3,33.31 2 1
github.com/calionauta/gogogo-fullstack-template/features/todo/components/layout_templ.go:33.31,34.17 1 1
github.com/calionauta/gogogo-fullstack-template/features/todo/components/layout_templ.go:34.17,36.34 2 1
github.com/calionauta/gogogo-fullstack-template/features/todo/components/layout_templ.go:36.34,38.6 1 1
github.com/calionauta/gogogo-fullstack-template/features/todo/components/layout_templ.go:41.3,43.33 3 1
github.com/calionauta/gogogo-fullstack-template/features/todo/components/layout_templ.go:43.33,45.4 1 0
github.com/calionauta/gogogo-fullstack-template/features/todo/components/layout_templ.go:46.3,48.32 3 1
github.com/calionauta/gogogo-fullstack-template/features/todo/components/layout_templ.go:48.32,50.4 1 0
github.com/calionauta/gogogo-fullstack-template/features/todo/components/layout_templ.go:51.3,53.32 3 1
github.com/calionauta/gogogo-fullstack-template/features/todo/components/layout_templ.go:53.32,55.4 1 0
github.com/calionauta/gogogo-fullstack-template/features/todo/components/layout_templ.go:56.3,57.32 2 1
github.com/calionauta/gogogo-fullstack-template/features/todo/components/layout_templ.go:57.32,59.4 1 0
github.com/calionauta/gogogo-fullstack-template/features/todo/components/layout_templ.go:60.3,61.32 2 1
github.com/calionauta/gogogo-fullstack-template/features/todo/components/layout_templ.go:61.32,63.4 1 0
github.com/calionauta/gogogo-fullstack-template/features/todo/components/layout_templ.go:64.3,65.32 2 1
github.com/calionauta/gogogo-fullstack-template/features/todo/components/layout_templ.go:65.32,67.4 1 0
github.com/calionauta/gogogo-fullstack-template/features/todo/components/layout_templ.go:68.3,69.32 2 1
github.com/calionauta/gogogo-fullstack-template/features/todo/components/layout_templ.go:69.32,71.4 1 0
github.com/calionauta/gogogo-fullstack-template/features/todo/components/layout_templ.go:72.3,73.32 2 1
github.com/calionauta/gogogo-fullstack-template/features/todo/components/layout_templ.go:73.32,75.4 1 0
github.com/calionauta/gogogo-fullstack-template/features/todo/components/layout_templ.go:76.3,77.32 2 1
github.com/calionauta/gogogo-fullstack-template/features/todo/components/layout_templ.go:77.32,79.4 1 0
github.com/calionauta/gogogo-fullstack-template/features/todo/components/layout_templ.go:80.3,81.32 2 1
github.com/calionauta/gogogo-fullstack-template/features/todo/components/layout_templ.go:81.32,83.4 1 0
github.com/calionauta/gogogo-fullstack-template/features/todo/components/layout_templ.go:84.3,85.32 2 1
github.com/calionauta/gogogo-fullstack-template/features/todo/components/layout_templ.go:85.32,87.4 1 0
github.com/calionauta/gogogo-fullstack-template/features/todo/components/layout_templ.go:88.3,89.32 2 1
github.com/calionauta/gogogo-fullstack-template/features/todo/components/layout_templ.go:89.32,91.4 1 0
github.com/calionauta/gogogo-fullstack-template/features/todo/components/layout_templ.go:92.3,93.32 2 1
github.com/calionauta/gogogo-fullstack-template/features/todo/components/layout_templ.go:93.32,95.4 1 0
github.com/calionauta/gogogo-fullstack-template/features/todo/components/layout_templ.go:96.3,96.13 1 1
github.com/calionauta/gogogo-fullstack-template/features/todo/components/realtime_templ.go:46.55,47.131 1 1
github.com/calionauta/gogogo-fullstack-template/features/todo/components/realtime_templ.go:47.131,49.71 2 1
github.com/calionauta/gogogo-fullstack-template/features/todo/components/realtime_templ.go:49.71,51.4 1 0
github.com/calionauta/gogogo-fullstack-template/features/todo/components/realtime_templ.go:52.3,53.31 2 1
github.com/calionauta/gogogo-fullstack-template/features/todo/components/realtime_templ.go:53.31,54.17 1 0
github.com/calionauta/gogogo-fullstack-template/features/todo/components/realtime_templ.go:54.17,56.34 2 0
github.com/calionauta/gogogo-fullstack-template/features/todo/components/realtime_templ.go:56.34,58.6 1 0
github.com/calionauta/gogogo-fullstack-template/features/todo/components/realtime_templ.go:61.3,63.33 3 1
github.com/calionauta/gogogo-fullstack-template/features/todo/components/realtime_templ.go:63.33,65.4 1 0
github.com/calionauta/gogogo-fullstack-template/features/todo/components/realtime_templ.go:66.3,68.32 3 1
github.com/calionauta/gogogo-fullstack-template/features/todo/components/realtime_templ.go:68.32,70.4 1 0
github.com/calionauta/gogogo-fullstack-template/features/todo/components/realtime_templ.go:71.3,73.32 3 1
github.com/calionauta/gogogo-fullstack-template/features/todo/components/realtime_templ.go:73.32,75.4 1 0
github.com/calionauta/gogogo-fullstack-template/features/todo/components/realtime_templ.go:76.3,77.32 2 1
github.com/calionauta/gogogo-fullstack-template/features/todo/components/realtime_templ.go:77.32,79.4 1 0
github.com/calionauta/gogogo-fullstack-template/features/todo/components/realtime_templ.go:80.3,81.32 2 1
github.com/calionauta/gogogo-fullstack-template/features/todo/components/realtime_templ.go:81.32,83.4 1 0
github.com/calionauta/gogogo-fullstack-template/features/todo/components/realtime_templ.go:84.3,84.13 1 1
github.com/calionauta/gogogo-fullstack-template/features/todo/components/realtime_templ.go:104.42,105.131 1 1
github.com/calionauta/gogogo-fullstack-template/features/todo/components/realtime_templ.go:105.131,107.71 2 1
github.com/calionauta/gogogo-fullstack-template/features/todo/components/realtime_templ.go:107.71,109.4 1 0
github.com/calionauta/gogogo-fullstack-template/features/todo/components/realtime_templ.go:110.3,111.31 2 1
github.com/calionauta/gogogo-fullstack-template/features/todo/components/realtime_templ.go:111.31,112.17 1 0
github.com/calionauta/gogogo-fullstack-template/features/todo/components/realtime_templ.go:112.17,114.34 2 0
github.com/calionauta/gogogo-fullstack-template/features/todo/components/realtime_templ.go:114.34,116.6 1 0
github.com/calionauta/gogogo-fullstack-template/features/todo/components/realtime_templ.go:119.3,121.33 3 1
github.com/calionauta/gogogo-fullstack-template/features/todo/components/realtime_templ.go:121.33,123.4 1 0
github.com/calionauta/gogogo-fullstack-template/features/todo/components/realtime_templ.go:124.3,126.32 3 1
github.com/calionauta/gogogo-fullstack-template/features/todo/components/realtime_templ.go:126.32,128.4 1 0
github.com/calionauta/gogogo-fullstack-template/features/todo/components/realtime_templ.go:129.3,131.32 3 1
github.com/calionauta/gogogo-fullstack-template/features/todo/components/realtime_templ.go:131.32,133.4 1 0
github.com/calionauta/gogogo-fullstack-template/features/todo/components/realtime_templ.go:134.3,135.32 2 1
github.com/calionauta/gogogo-fullstack-template/features/todo/components/realtime_templ.go:135.32,137.4 1 0
github.com/calionauta/gogogo-fullstack-template/features/todo/components/realtime_templ.go:138.3,139.32 2 1
github.com/calionauta/gogogo-fullstack-template/features/todo/components/realtime_templ.go:139.32,141.4 1 0
github.com/calionauta/gogogo-fullstack-template/features/todo/components/realtime_templ.go:142.3,142.13 1 1
github.com/calionauta/gogogo-fullstack-template/features/todo/components/safejson.go:9.41,9.67 1 0
github.com/calionauta/gogogo-fullstack-template/features/todo/components/safejson.go:14.42,14.88 1 0
github.com/calionauta/gogogo-fullstack-template/features/todo/components/toast_templ.go:19.45,21.2 1 0
github.com/calionauta/gogogo-fullstack-template/features/todo/components/toast_templ.go:23.54,25.2 1 0
github.com/calionauta/gogogo-fullstack-template/features/todo/components/toast_templ.go:29.29,31.16 2 0
github.com/calionauta/gogogo-fullstack-template/features/todo/components/toast_templ.go:31.16,33.3 1 0
github.com/calionauta/gogogo-fullstack-template/features/todo/components/toast_templ.go:34.2,34.38 1 0
github.com/calionauta/gogogo-fullstack-template/features/todo/components/toast_templ.go:47.78,48.131 1 0
github.com/calionauta/gogogo-fullstack-template/features/todo/components/toast_templ.go:48.131,50.71 2 0
github.com/calionauta/gogogo-fullstack-template/features/todo/components/toast_templ.go:50.71,52.4 1 0
github.com/calionauta/gogogo-fullstack-template/features/todo/components/toast_templ.go:53.3,54.31 2 0
github.com/calionauta/gogogo-fullstack-template/features/todo/components/toast_templ.go:54.31,55.17 1 0
github.com/calionauta/gogogo-fullstack-template/features/todo/components/toast_templ.go:55.17,57.34 2 0
github.com/calionauta/gogogo-fullstack-template/features/todo/components/toast_templ.go:57.34,59.6 1 0
github.com/calionauta/gogogo-fullstack-template/features/todo/components/toast_templ.go:62.3,64.33 3 0
github.com/calionauta/gogogo-fullstack-template/features/todo/components/toast_templ.go:64.33,66.4 1 0
github.com/calionauta/gogogo-fullstack-template/features/todo/components/toast_templ.go:67.3,69.32 3 0
github.com/calionauta/gogogo-fullstack-template/features/todo/components/toast_templ.go:69.32,71.4 1 0
github.com/calionauta/gogogo-fullstack-template/features/todo/components/toast_templ.go:72.3,74.32 3 0
github.com/calionauta/gogogo-fullstack-template/features/todo/components/toast_templ.go:74.32,76.4 1 0
github.com/calionauta/gogogo-fullstack-template/features/todo/components/toast_templ.go:77.3,78.32 2 0
github.com/calionauta/gogogo-fullstack-template/features/todo/components/toast_templ.go:78.32,80.4 1 0
github.com/calionauta/gogogo-fullstack-template/features/todo/components/toast_templ.go:81.3,82.32 2 0
github.com/calionauta/gogogo-fullstack-template/features/todo/components/toast_templ.go:82.32,84.4 1 0
github.com/calionauta/gogogo-fullstack-template/features/todo/components/toast_templ.go:85.3,87.32 3 0
github.com/calionauta/gogogo-fullstack-template/features/todo/components/toast_templ.go:87.32,89.4 1 0
github.com/calionauta/gogogo-fullstack-template/features/todo/components/toast_templ.go:90.3,91.32 2 0
github.com/calionauta/gogogo-fullstack-template/features/todo/components/toast_templ.go:91.32,93.4 1 0
github.com/calionauta/gogogo-fullstack-template/features/todo/components/toast_templ.go:94.3,95.32 2 0
github.com/calionauta/gogogo-fullstack-template/features/todo/components/toast_templ.go:95.32,97.4 1 0
github.com/calionauta/gogogo-fullstack-template/features/todo/components/toast_templ.go:98.3,100.32 3 0
github.com/calionauta/gogogo-fullstack-template/features/todo/components/toast_templ.go:100.32,102.4 1 0
github.com/calionauta/gogogo-fullstack-template/features/todo/components/toast_templ.go:103.3,104.32 2 0
github.com/calionauta/gogogo-fullstack-template/features/todo/components/toast_templ.go:104.32,106.4 1 0
github.com/calionauta/gogogo-fullstack-template/features/todo/components/toast_templ.go:107.3,108.32 2 0
github.com/calionauta/gogogo-fullstack-template/features/todo/components/toast_templ.go:108.32,110.4 1 0
github.com/calionauta/gogogo-fullstack-template/features/todo/components/toast_templ.go:111.3,113.32 3 0
github.com/calionauta/gogogo-fullstack-template/features/todo/components/toast_templ.go:113.32,115.4 1 0
github.com/calionauta/gogogo-fullstack-template/features/todo/components/toast_templ.go:116.3,117.32 2 0
github.com/calionauta/gogogo-fullstack-template/features/todo/components/toast_templ.go:117.32,119.4 1 0
github.com/calionauta/gogogo-fullstack-template/features/todo/components/toast_templ.go:120.3,121.32 2 0
github.com/calionauta/gogogo-fullstack-template/features/todo/components/toast_templ.go:121.32,123.4 1 0
github.com/calionauta/gogogo-fullstack-template/features/todo/components/toast_templ.go:124.3,124.27 1 0
github.com/calionauta/gogogo-fullstack-template/features/todo/components/toast_templ.go:124.27,126.33 2 0
github.com/calionauta/gogogo-fullstack-template/features/todo/components/toast_templ.go:126.33,128.5 1 0
github.com/calionauta/gogogo-fullstack-template/features/todo/components/toast_templ.go:129.4,131.33 3 0
github.com/calionauta/gogogo-fullstack-template/features/todo/components/toast_templ.go:131.33,133.5 1 0
github.com/calionauta/gogogo-fullstack-template/features/todo/components/toast_templ.go:134.4,135.33 2 0
github.com/calionauta/gogogo-fullstack-template/features/todo/components/toast_templ.go:135.33,137.5 1 0
github.com/calionauta/gogogo-fullstack-template/features/todo/components/toast_templ.go:138.4,139.33 2 0
github.com/calionauta/gogogo-fullstack-template/features/todo/components/toast_templ.go:139.33,141.5 1 0
github.com/calionauta/gogogo-fullstack-template/features/todo/components/toast_templ.go:142.9,144.33 2 0
github.com/calionauta/gogogo-fullstack-template/features/todo/components/toast_templ.go:144.33,146.5 1 0
github.com/calionauta/gogogo-fullstack-template/features/todo/components/toast_templ.go:147.4,149.33 3 0
github.com/calionauta/gogogo-fullstack-template/features/todo/components/toast_templ.go:149.33,151.5 1 0
github.com/calionauta/gogogo-fullstack-template/features/todo/components/toast_templ.go:152.4,153.33 2 0
github.com/calionauta/gogogo-fullstack-template/features/todo/components/toast_templ.go:153.33,155.5 1 0
github.com/calionauta/gogogo-fullstack-template/features/todo/components/toast_templ.go:156.4,157.33 2 0
github.com/calionauta/gogogo-fullstack-template/features/todo/components/toast_templ.go:157.33,159.5 1 0
github.com/calionauta/gogogo-fullstack-template/features/todo/components/toast_templ.go:161.3,162.32 2 0
github.com/calionauta/gogogo-fullstack-template/features/todo/components/toast_templ.go:162.32,164.4 1 0
github.com/calionauta/gogogo-fullstack-template/features/todo/components/toast_templ.go:165.3,172.32 3 0
github.com/calionauta/gogogo-fullstack-template/features/todo/components/toast_templ.go:172.32,174.4 1 0
github.com/calionauta/gogogo-fullstack-template/features/todo/components/toast_templ.go:175.3,176.32 2 0
github.com/calionauta/gogogo-fullstack-template/features/todo/components/toast_templ.go:176.32,178.4 1 0
github.com/calionauta/gogogo-fullstack-template/features/todo/components/toast_templ.go:179.3,181.32 3 0
github.com/calionauta/gogogo-fullstack-template/features/todo/components/toast_templ.go:181.32,183.4 1 0
github.com/calionauta/gogogo-fullstack-template/features/todo/components/toast_templ.go:184.3,185.32 2 0
github.com/calionauta/gogogo-fullstack-template/features/todo/components/toast_templ.go:185.32,187.4 1 0
github.com/calionauta/gogogo-fullstack-template/features/todo/components/toast_templ.go:188.3,189.32 2 0
github.com/calionauta/gogogo-fullstack-template/features/todo/components/toast_templ.go:189.32,191.4 1 0
github.com/calionauta/gogogo-fullstack-template/features/todo/components/toast_templ.go:192.3,193.32 2 0
github.com/calionauta/gogogo-fullstack-template/features/todo/components/toast_templ.go:193.32,195.4 1 0
github.com/calionauta/gogogo-fullstack-template/features/todo/components/toast_templ.go:196.3,197.32 2 0
github.com/calionauta/gogogo-fullstack-template/features/todo/components/toast_templ.go:197.32,199.4 1 0
github.com/calionauta/gogogo-fullstack-template/features/todo/components/toast_templ.go:200.3,202.32 3 0
github.com/calionauta/gogogo-fullstack-template/features/todo/components/toast_templ.go:202.32,204.4 1 0
github.com/calionauta/gogogo-fullstack-template/features/todo/components/toast_templ.go:205.3,206.32 2 0
github.com/calionauta/gogogo-fullstack-template/features/todo/components/toast_templ.go:206.32,208.4 1 0
github.com/calionauta/gogogo-fullstack-template/features/todo/components/toast_templ.go:209.3,210.32 2 0
github.com/calionauta/gogogo-fullstack-template/features/todo/components/toast_templ.go:210.32,212.4 1 0
github.com/calionauta/gogogo-fullstack-template/features/todo/components/toast_templ.go:213.3,213.13 1 0
github.com/calionauta/gogogo-fullstack-template/features/todo/components/toast_templ.go:217.50,218.131 1 0
github.com/calionauta/gogogo-fullstack-template/features/todo/components/toast_templ.go:218.131,220.71 2 0
github.com/calionauta/gogogo-fullstack-template/features/todo/components/toast_templ.go:220.71,222.4 1 0
github.com/calionauta/gogogo-fullstack-template/features/todo/components/toast_templ.go:223.3,224.31 2 0
github.com/calionauta/gogogo-fullstack-template/features/todo/components/toast_templ.go:224.31,225.17 1 0
github.com/calionauta/gogogo-fullstack-template/features/todo/components/toast_templ.go:225.17,227.34 2 0
github.com/calionauta/gogogo-fullstack-template/features/todo/components/toast_templ.go:227.34,229.6 1 0
github.com/calionauta/gogogo-fullstack-template/features/todo/components/toast_templ.go:232.3,234.34 3 0
github.com/calionauta/gogogo-fullstack-template/features/todo/components/toast_templ.go:234.34,236.4 1 0
github.com/calionauta/gogogo-fullstack-template/features/todo/components/toast_templ.go:237.3,238.20 2 0
github.com/calionauta/gogogo-fullstack-template/features/todo/components/toast_templ.go:239.18,241.33 2 0
github.com/calionauta/gogogo-fullstack-template/features/todo/components/toast_templ.go:241.33,243.5 1 0
github.com/calionauta/gogogo-fullstack-template/features/todo/components/toast_templ.go:244.16,246.33 2 0
github.com/calionauta/gogogo-fullstack-template/features/todo/components/toast_templ.go:246.33,248.5 1 0
github.com/calionauta/gogogo-fullstack-template/features/todo/components/toast_templ.go:249.18,251.33 2 0
github.com/calionauta/gogogo-fullstack-template/features/todo/components/toast_templ.go:251.33,253.5 1 0
github.com/calionauta/gogogo-fullstack-template/features/todo/components/toast_templ.go:254.11,256.33 2 0
github.com/calionauta/gogogo-fullstack-template/features/todo/components/toast_templ.go:256.33,258.5 1 0
github.com/calionauta/gogogo-fullstack-template/features/todo/components/toast_templ.go:260.3,260.13 1 0
github.com/calionauta/gogogo-fullstack-template/features/todo/components/toast_templ.go:266.26,268.2 1 0
github.com/calionauta/gogogo-fullstack-template/features/todo/components/todo_item_templ.go:31.47,32.131 1 2
github.com/calionauta/gogogo-fullstack-template/features/todo/components/todo_item_templ.go:32.131,34.71 2 2
github.com/calionauta/gogogo-fullstack-template/features/todo/components/todo_item_templ.go:34.71,36.4 1 0
github.com/calionauta/gogogo-fullstack-template/features/todo/components/todo_item_templ.go:37.3,38.31 2 2
github.com/calionauta/gogogo-fullstack-template/features/todo/components/todo_item_templ.go:38.31,39.17 1 2
github.com/calionauta/gogogo-fullstack-template/features/todo/components/todo_item_templ.go:39.17,41.34 2 2
github.com/calionauta/gogogo-fullstack-template/features/todo/components/todo_item_templ.go:41.34,43.6 1 2
github.com/calionauta/gogogo-fullstack-template/features/todo/components/todo_item_templ.go:46.3,48.33 3 2
github.com/calionauta/gogogo-fullstack-template/features/todo/components/todo_item_templ.go:48.33,50.4 1 0
github.com/calionauta/gogogo-fullstack-template/features/todo/components/todo_item_templ.go:51.3,53.32 3 2
github.com/calionauta/gogogo-fullstack-template/features/todo/components/todo_item_templ.go:53.32,55.4 1 0
github.com/calionauta/gogogo-fullstack-template/features/todo/components/todo_item_templ.go:56.3,58.32 3 2
github.com/calionauta/gogogo-fullstack-template/features/todo/components/todo_item_templ.go:58.32,60.4 1 0
github.com/calionauta/gogogo-fullstack-template/features/todo/components/todo_item_templ.go:61.3,62.32 2 2
github.com/calionauta/gogogo-fullstack-template/features/todo/components/todo_item_templ.go:62.32,64.4 1 0
github.com/calionauta/gogogo-fullstack-template/features/todo/components/todo_item_templ.go:65.3,66.32 2 2
github.com/calionauta/gogogo-fullstack-template/features/todo/components/todo_item_templ.go:66.32,68.4 1 0
github.com/calionauta/gogogo-fullstack-template/features/todo/components/todo_item_templ.go:69.3,69.21 1 2
github.com/calionauta/gogogo-fullstack-template/features/todo/components/todo_item_templ.go:69.21,71.33 2 1
github.com/calionauta/gogogo-fullstack-template/features/todo/components/todo_item_templ.go:71.33,73.5 1 0
github.com/calionauta/gogogo-fullstack-template/features/todo/components/todo_item_templ.go:75.3,76.32 2 2
github.com/calionauta/gogogo-fullstack-template/features/todo/components/todo_item_templ.go:76.32,78.4 1 0
github.com/calionauta/gogogo-fullstack-template/features/todo/components/todo_item_templ.go:79.3,81.32 3 2
github.com/calionauta/gogogo-fullstack-template/features/todo/components/todo_item_templ.go:81.32,83.4 1 0
github.com/calionauta/gogogo-fullstack-template/features/todo/components/todo_item_templ.go:84.3,85.32 2 2
github.com/calionauta/gogogo-fullstack-template/features/todo/components/todo_item_templ.go:85.32,87.4 1 0
github.com/calionauta/gogogo-fullstack-template/features/todo/components/todo_item_templ.go:88.3,89.32 2 2
github.com/calionauta/gogogo-fullstack-template/features/todo/components/todo_item_templ.go:89.32,91.4 1 0
github.com/calionauta/gogogo-fullstack-template/features/todo/components/todo_item_templ.go:92.3,92.21 1 2
github.com/calionauta/gogogo-fullstack-template/features/todo/components/todo_item_templ.go:92.21,94.33 2 1
github.com/calionauta/gogogo-fullstack-template/features/todo/components/todo_item_templ.go:94.33,96.5 1 0
github.com/calionauta/gogogo-fullstack-template/features/todo/components/todo_item_templ.go:97.4,99.33 3 1
github.com/calionauta/gogogo-fullstack-template/features/todo/components/todo_item_templ.go:99.33,101.5 1 0
github.com/calionauta/gogogo-fullstack-template/features/todo/components/todo_item_templ.go:102.4,103.33 2 1
github.com/calionauta/gogogo-fullstack-template/features/todo/components/todo_item_templ.go:103.33,105.5 1 0
github.com/calionauta/gogogo-fullstack-template/features/todo/components/todo_item_templ.go:106.4,107.33 2 1
github.com/calionauta/gogogo-fullstack-template/features/todo/components/todo_item_templ.go:107.33,109.5 1 0
github.com/calionauta/gogogo-fullstack-template/features/todo/components/todo_item_templ.go:110.9,112.33 2 1
github.com/calionauta/gogogo-fullstack-template/features/todo/components/todo_item_templ.go:112.33,114.5 1 0
github.com/calionauta/gogogo-fullstack-template/features/todo/components/todo_item_templ.go:115.4,117.33 3 1
github.com/calionauta/gogogo-fullstack-template/features/todo/components/todo_item_templ.go:117.33,119.5 1 0
github.com/calionauta/gogogo-fullstack-template/features/todo/components/todo_item_templ.go:120.4,121.33 2 1
github.com/calionauta/gogogo-fullstack-template/features/todo/components/todo_item_templ.go:121.33,123.5 1 0
github.com/calionauta/gogogo-fullstack-template/features/todo/components/todo_item_templ.go:124.4,125.33 2 1
github.com/calionauta/gogogo-fullstack-template/features/todo/components/todo_item_templ.go:125.33,127.5 1 0
github.com/calionauta/gogogo-fullstack-template/features/todo/components/todo_item_templ.go:129.3,130.32 2 2
github.com/calionauta/gogogo-fullstack-template/features/todo/components/todo_item_templ.go:130.32,132.4 1 0
github.com/calionauta/gogogo-fullstack-template/features/todo/components/todo_item_templ.go:133.3,135.32 3 2
github.com/calionauta/gogogo-fullstack-template/features/todo/components/todo_item_templ.go:135.32,137.4 1 0
github.com/calionauta/gogogo-fullstack-template/features/todo/components/todo_item_templ.go:138.3,139.32 2 2
github.com/calionauta/gogogo-fullstack-template/features/todo/components/todo_item_templ.go:139.32,141.4 1 0
github.com/calionauta/gogogo-fullstack-template/features/todo/components/todo_item_templ.go:142.3,143.32 2 2
github.com/calionauta/gogogo-fullstack-template/features/todo/components/todo_item_templ.go:143.32,145.4 1 0
github.com/calionauta/gogogo-fullstack-template/features/todo/components/todo_item_templ.go:146.3,148.32 3 2
github.com/calionauta/gogogo-fullstack-template/features/todo/components/todo_item_templ.go:148.32,150.4 1 0
github.com/calionauta/gogogo-fullstack-template/features/todo/components/todo_item_templ.go:151.3,152.32 2 2
github.com/calionauta/gogogo-fullstack-template/features/todo/components/todo_item_templ.go:152.32,154.4 1 0
github.com/calionauta/gogogo-fullstack-template/features/todo/components/todo_item_templ.go:155.3,156.32 2 2
github.com/calionauta/gogogo-fullstack-template/features/todo/components/todo_item_templ.go:156.32,158.4 1 0
github.com/calionauta/gogogo-fullstack-template/features/todo/components/todo_item_templ.go:159.3,159.13 1 2
github.com/calionauta/gogogo-fullstack-template/features/todo/components/todo_item_templ.go:163.34,165.9 2 2
github.com/calionauta/gogogo-fullstack-template/features/todo/components/todo_item_templ.go:166.23,167.17 1 0
github.com/calionauta/gogogo-fullstack-template/features/todo/components/todo_item_templ.go:168.21,170.13 2 0
github.com/calionauta/gogogo-fullstack-template/features/todo/components/todo_item_templ.go:170.13,172.4 1 0
github.com/calionauta/gogogo-fullstack-template/features/todo/components/todo_item_templ.go:173.3,173.34 1 0
github.com/calionauta/gogogo-fullstack-template/features/todo/components/todo_item_templ.go:174.10,175.27 1 2
github.com/calionauta/gogogo-fullstack-template/features/todo/components/todo_list_templ.go:21.44,24.2 2 2
github.com/calionauta/gogogo-fullstack-template/features/todo/components/todo_list_templ.go:46.53,47.131 1 2
github.com/calionauta/gogogo-fullstack-template/features/todo/components/todo_list_templ.go:47.131,49.71 2 2
github.com/calionauta/gogogo-fullstack-template/features/todo/components/todo_list_templ.go:49.71,51.4 1 0
github.com/calionauta/gogogo-fullstack-template/features/todo/components/todo_list_templ.go:52.3,53.31 2 2
github.com/calionauta/gogogo-fullstack-template/features/todo/components/todo_list_templ.go:53.31,54.17 1 1
github.com/calionauta/gogogo-fullstack-template/features/todo/components/todo_list_templ.go:54.17,56.34 2 1
github.com/calionauta/gogogo-fullstack-template/features/todo/components/todo_list_templ.go:56.34,58.6 1 1
github.com/calionauta/gogogo-fullstack-template/features/todo/components/todo_list_templ.go:61.3,63.33 3 2
github.com/calionauta/gogogo-fullstack-template/features/todo/components/todo_list_templ.go:63.33,65.4 1 0
github.com/calionauta/gogogo-fullstack-template/features/todo/components/todo_list_templ.go:66.3,68.32 3 2
github.com/calionauta/gogogo-fullstack-template/features/todo/components/todo_list_templ.go:68.32,70.4 1 0
github.com/calionauta/gogogo-fullstack-template/features/todo/components/todo_list_templ.go:71.3,73.32 3 2
github.com/calionauta/gogogo-fullstack-template/features/todo/components/todo_list_templ.go:73.32,75.4 1 0
github.com/calionauta/gogogo-fullstack-template/features/todo/components/todo_list_templ.go:76.3,77.32 2 2
github.com/calionauta/gogogo-fullstack-template/features/todo/components/todo_list_templ.go:77.32,79.4 1 0
github.com/calionauta/gogogo-fullstack-template/features/todo/components/todo_list_templ.go:80.3,81.32 2 2
github.com/calionauta/gogogo-fullstack-template/features/todo/components/todo_list_templ.go:81.32,83.4 1 0
github.com/calionauta/gogogo-fullstack-template/features/todo/components/todo_list_templ.go:84.3,85.32 2 2
github.com/calionauta/gogogo-fullstack-template/features/todo/components/todo_list_templ.go:85.32,87.4 1 0
github.com/calionauta/gogogo-fullstack-template/features/todo/components/todo_list_templ.go:88.3,89.32 2 2
github.com/calionauta/gogogo-fullstack-template/features/todo/components/todo_list_templ.go:89.32,91.4 1 0
github.com/calionauta/gogogo-fullstack-template/features/todo/components/todo_list_templ.go:92.3,93.32 2 2
github.com/calionauta/gogogo-fullstack-template/features/todo/components/todo_list_templ.go:93.32,95.4 1 0
github.com/calionauta/gogogo-fullstack-template/features/todo/components/todo_list_templ.go:96.3,97.32 2 2
github.com/calionauta/gogogo-fullstack-template/features/todo/components/todo_list_templ.go:97.32,99.4 1 0
github.com/calionauta/gogogo-fullstack-template/features/todo/components/todo_list_templ.go:100.3,100.28 1 2
github.com/calionauta/gogogo-fullstack-template/features/todo/components/todo_list_templ.go:100.28,102.33 2 0
github.com/calionauta/gogogo-fullstack-template/features/todo/components/todo_list_templ.go:102.33,104.5 1 0
github.com/calionauta/gogogo-fullstack-template/features/todo/components/todo_list_templ.go:106.3,107.32 2 2
github.com/calionauta/gogogo-fullstack-template/features/todo/components/todo_list_templ.go:107.32,109.4 1 0
github.com/calionauta/gogogo-fullstack-template/features/todo/components/todo_list_templ.go:110.3,112.32 3 2
github.com/calionauta/gogogo-fullstack-template/features/todo/components/todo_list_templ.go:112.32,114.4 1 0
github.com/calionauta/gogogo-fullstack-template/features/todo/components/todo_list_templ.go:115.3,116.32 2 2
github.com/calionauta/gogogo-fullstack-template/features/todo/components/todo_list_templ.go:116.32,118.4 1 0
github.com/calionauta/gogogo-fullstack-template/features/todo/components/todo_list_templ.go:119.3,120.32 2 2
github.com/calionauta/gogogo-fullstack-template/features/todo/components/todo_list_templ.go:120.32,122.4 1 0
github.com/calionauta/gogogo-fullstack-template/features/todo/components/todo_list_templ.go:123.3,123.49 1 2
github.com/calionauta/gogogo-fullstack-template/features/todo/components/todo_list_templ.go:123.49,125.33 2 1
github.com/calionauta/gogogo-fullstack-template/features/todo/components/todo_list_templ.go:125.33,127.5 1 0
github.com/calionauta/gogogo-fullstack-template/features/todo/components/todo_list_templ.go:128.4,130.33 3 1
github.com/calionauta/gogogo-fullstack-template/features/todo/components/todo_list_templ.go:130.33,132.5 1 0
github.com/calionauta/gogogo-fullstack-template/features/todo/components/todo_list_templ.go:133.4,134.33 2 1
github.com/calionauta/gogogo-fullstack-template/features/todo/components/todo_list_templ.go:134.33,136.5 1 0
github.com/calionauta/gogogo-fullstack-template/features/todo/components/todo_list_templ.go:137.4,138.33 2 1
github.com/calionauta/gogogo-fullstack-template/features/todo/components/todo_list_templ.go:138.33,140.5 1 0
github.com/calionauta/gogogo-fullstack-template/features/todo/components/todo_list_templ.go:142.3,142.29 1 2
github.com/calionauta/gogogo-fullstack-template/features/todo/components/todo_list_templ.go:142.29,144.33 2 0
github.com/calionauta/gogogo-fullstack-template/features/todo/components/todo_list_templ.go:144.33,146.5 1 0
github.com/calionauta/gogogo-fullstack-template/features/todo/components/todo_list_templ.go:147.4,149.33 3 0
github.com/calionauta/gogogo-fullstack-template/features/todo/components/todo_list_templ.go:149.33,151.5 1 0
github.com/calionauta/gogogo-fullstack-template/features/todo/components/todo_list_templ.go:152.4,153.33 2 0
github.com/calionauta/gogogo-fullstack-template/features/todo/components/todo_list_templ.go:153.33,155.5 1 0
github.com/calionauta/gogogo-fullstack-template/features/todo/components/todo_list_templ.go:156.4,157.33 2 0
github.com/calionauta/gogogo-fullstack-template/features/todo/components/todo_list_templ.go:157.33,159.5 1 0
github.com/calionauta/gogogo-fullstack-template/features/todo/components/todo_list_templ.go:161.3,162.32 2 2
github.com/calionauta/gogogo-fullstack-template/features/todo/components/todo_list_templ.go:162.32,164.4 1 0
github.com/calionauta/gogogo-fullstack-template/features/todo/components/todo_list_templ.go:165.3,167.32 3 2
github.com/calionauta/gogogo-fullstack-template/features/todo/components/todo_list_templ.go:167.32,169.4 1 0
github.com/calionauta/gogogo-fullstack-template/features/todo/components/todo_list_templ.go:170.3,171.32 2 2
github.com/calionauta/gogogo-fullstack-template/features/todo/components/todo_list_templ.go:171.32,173.4 1 0
github.com/calionauta/gogogo-fullstack-template/features/todo/components/todo_list_templ.go:174.3,175.32 2 2
github.com/calionauta/gogogo-fullstack-template/features/todo/components/todo_list_templ.go:175.32,177.4 1 0
github.com/calionauta/gogogo-fullstack-template/features/todo/components/todo_list_templ.go:178.3,180.32 3 2
github.com/calionauta/gogogo-fullstack-template/features/todo/components/todo_list_templ.go:180.32,182.4 1 0
github.com/calionauta/gogogo-fullstack-template/features/todo/components/todo_list_templ.go:183.3,184.32 2 2
github.com/calionauta/gogogo-fullstack-template/features/todo/components/todo_list_templ.go:184.32,186.4 1 0
github.com/calionauta/gogogo-fullstack-template/features/todo/components/todo_list_templ.go:187.3,188.32 2 2
github.com/calionauta/gogogo-fullstack-template/features/todo/components/todo_list_templ.go:188.32,190.4 1 0
github.com/calionauta/gogogo-fullstack-template/features/todo/components/todo_list_templ.go:191.3,193.32 3 2
github.com/calionauta/gogogo-fullstack-template/features/todo/components/todo_list_templ.go:193.32,195.4 1 0
github.com/calionauta/gogogo-fullstack-template/features/todo/components/todo_list_templ.go:196.3,197.32 2 2
github.com/calionauta/gogogo-fullstack-template/features/todo/components/todo_list_templ.go:197.32,199.4 1 0
github.com/calionauta/gogogo-fullstack-template/features/todo/components/todo_list_templ.go:200.3,201.32 2 2
github.com/calionauta/gogogo-fullstack-template/features/todo/components/todo_list_templ.go:201.32,203.4 1 0
github.com/calionauta/gogogo-fullstack-template/features/todo/components/todo_list_templ.go:204.3,204.49 1 2
github.com/calionauta/gogogo-fullstack-template/features/todo/components/todo_list_templ.go:204.49,206.33 2 1
github.com/calionauta/gogogo-fullstack-template/features/todo/components/todo_list_templ.go:206.33,208.5 1 0
github.com/calionauta/gogogo-fullstack-template/features/todo/components/todo_list_templ.go:209.4,211.33 3 1
github.com/calionauta/gogogo-fullstack-template/features/todo/components/todo_list_templ.go:211.33,213.5 1 0
github.com/calionauta/gogogo-fullstack-template/features/todo/components/todo_list_templ.go:214.4,215.33 2 1
github.com/calionauta/gogogo-fullstack-template/features/todo/components/todo_list_templ.go:215.33,217.5 1 0
github.com/calionauta/gogogo-fullstack-template/features/todo/components/todo_list_templ.go:218.4,219.33 2 1
github.com/calionauta/gogogo-fullstack-template/features/todo/components/todo_list_templ.go:219.33,221.5 1 0
github.com/calionauta/gogogo-fullstack-template/features/todo/components/todo_list_templ.go:222.4,224.33 3 1
github.com/calionauta/gogogo-fullstack-template/features/todo/components/todo_list_templ.go:224.33,226.5 1 0
github.com/calionauta/gogogo-fullstack-template/features/todo/components/todo_list_templ.go:227.4,228.33 2 1
github.com/calionauta/gogogo-fullstack-template/features/todo/components/todo_list_templ.go:228.33,230.5 1 0
github.com/calionauta/gogogo-fullstack-template/features/todo/components/todo_list_templ.go:231.4,232.33 2 1
github.com/calionauta/gogogo-fullstack-template/features/todo/components/todo_list_templ.go:232.33,234.5 1 0
github.com/calionauta/gogogo-fullstack-template/features/todo/components/todo_list_templ.go:235.4,237.33 3 1
github.com/calionauta/gogogo-fullstack-template/features/todo/components/todo_list_templ.go:237.33,239.5 1 0
github.com/calionauta/gogogo-fullstack-template/features/todo/components/todo_list_templ.go:240.4,241.33 2 1
github.com/calionauta/gogogo-fullstack-template/features/todo/components/todo_list_templ.go:241.33,243.5 1 0
github.com/calionauta/gogogo-fullstack-template/features/todo/components/todo_list_templ.go:244.4,245.33 2 1
github.com/calionauta/gogogo-fullstack-template/features/todo/components/todo_list_templ.go:245.33,247.5 1 0
github.com/calionauta/gogogo-fullstack-template/features/todo/components/todo_list_templ.go:249.3,250.32 2 2
github.com/calionauta/gogogo-fullstack-template/features/todo/components/todo_list_templ.go:250.32,252.4 1 0
github.com/calionauta/gogogo-fullstack-template/features/todo/components/todo_list_templ.go:253.3,253.29 1 2
github.com/calionauta/gogogo-fullstack-template/features/todo/components/todo_list_templ.go:253.29,255.33 2 0
github.com/calionauta/gogogo-fullstack-template/features/todo/components/todo_list_templ.go:255.33,257.5 1 0
github.com/calionauta/gogogo-fullstack-template/features/todo/components/todo_list_templ.go:258.4,260.33 3 0
github.com/calionauta/gogogo-fullstack-template/features/todo/components/todo_list_templ.go:260.33,262.5 1 0
github.com/calionauta/gogogo-fullstack-template/features/todo/components/todo_list_templ.go:263.4,264.33 2 0
github.com/calionauta/gogogo-fullstack-template/features/todo/components/todo_list_templ.go:264.33,266.5 1 0
github.com/calionauta/gogogo-fullstack-template/features/todo/components/todo_list_templ.go:267.4,268.33 2 0
github.com/calionauta/gogogo-fullstack-template/features/todo/components/todo_list_templ.go:268.33,270.5 1 0
github.com/calionauta/gogogo-fullstack-template/features/todo/components/todo_list_templ.go:271.4,273.33 3 0
github.com/calionauta/gogogo-fullstack-template/features/todo/components/todo_list_templ.go:273.33,275.5 1 0
github.com/calionauta/gogogo-fullstack-template/features/todo/components/todo_list_templ.go:276.4,277.33 2 0
github.com/calionauta/gogogo-fullstack-template/features/todo/components/todo_list_templ.go:277.33,279.5 1 0
github.com/calionauta/gogogo-fullstack-template/features/todo/components/todo_list_templ.go:280.4,281.33 2 0
github.com/calionauta/gogogo-fullstack-template/features/todo/components/todo_list_templ.go:281.33,283.5 1 0
github.com/calionauta/gogogo-fullstack-template/features/todo/components/todo_list_templ.go:284.4,286.33 3 0
github.com/calionauta/gogogo-fullstack-template/features/todo/components/todo_list_templ.go:286.33,288.5 1 0
github.com/calionauta/gogogo-fullstack-template/features/todo/components/todo_list_templ.go:289.4,290.33 2 0
github.com/calionauta/gogogo-fullstack-template/features/todo/components/todo_list_templ.go:290.33,292.5 1 0
github.com/calionauta/gogogo-fullstack-template/features/todo/components/todo_list_templ.go:293.4,294.33 2 0
github.com/calionauta/gogogo-fullstack-template/features/todo/components/todo_list_templ.go:294.33,296.5 1 0
github.com/calionauta/gogogo-fullstack-template/features/todo/components/todo_list_templ.go:297.4,299.33 3 0
github.com/calionauta/gogogo-fullstack-template/features/todo/components/todo_list_templ.go:299.33,301.5 1 0
github.com/calionauta/gogogo-fullstack-template/features/todo/components/todo_list_templ.go:302.4,303.33 2 0
github.com/calionauta/gogogo-fullstack-template/features/todo/components/todo_list_templ.go:303.33,305.5 1 0
github.com/calionauta/gogogo-fullstack-template/features/todo/components/todo_list_templ.go:306.4,307.33 2 0
github.com/calionauta/gogogo-fullstack-template/features/todo/components/todo_list_templ.go:307.33,309.5 1 0
github.com/calionauta/gogogo-fullstack-template/features/todo/components/todo_list_templ.go:310.4,312.33 3 0
github.com/calionauta/gogogo-fullstack-template/features/todo/components/todo_list_templ.go:312.33,314.5 1 0
github.com/calionauta/gogogo-fullstack-template/features/todo/components/todo_list_templ.go:315.4,316.33 2 0
github.com/calionauta/gogogo-fullstack-template/features/todo/components/todo_list_templ.go:316.33,318.5 1 0
github.com/calionauta/gogogo-fullstack-template/features/todo/components/todo_list_templ.go:319.4,320.33 2 0
github.com/calionauta/gogogo-fullstack-template/features/todo/components/todo_list_templ.go:320.33,322.5 1 0
github.com/calionauta/gogogo-fullstack-template/features/todo/components/todo_list_templ.go:323.4,325.33 3 0
github.com/calionauta/gogogo-fullstack-template/features/todo/components/todo_list_templ.go:325.33,327.5 1 0
github.com/calionauta/gogogo-fullstack-template/features/todo/components/todo_list_templ.go:328.4,329.33 2 0
github.com/calionauta/gogogo-fullstack-template/features/todo/components/todo_list_templ.go:329.33,331.5 1 0
github.com/calionauta/gogogo-fullstack-template/features/todo/components/todo_list_templ.go:332.4,333.33 2 0
github.com/calionauta/gogogo-fullstack-template/features/todo/components/todo_list_templ.go:333.33,335.5 1 0
github.com/calionauta/gogogo-fullstack-template/features/todo/components/todo_list_templ.go:336.4,336.61 1 0
github.com/calionauta/gogogo-fullstack-template/features/todo/components/todo_list_templ.go:336.61,338.34 2 0
github.com/calionauta/gogogo-fullstack-template/features/todo/components/todo_list_templ.go:338.34,340.6 1 0
github.com/calionauta/gogogo-fullstack-template/features/todo/components/todo_list_templ.go:342.4,343.33 2 0
github.com/calionauta/gogogo-fullstack-template/features/todo/components/todo_list_templ.go:343.33,345.5 1 0
github.com/calionauta/gogogo-fullstack-template/features/todo/components/todo_list_templ.go:347.3,348.32 2 2
github.com/calionauta/gogogo-fullstack-template/features/todo/components/todo_list_templ.go:348.32,350.4 1 0
github.com/calionauta/gogogo-fullstack-template/features/todo/components/todo_list_templ.go:351.3,352.32 2 2
github.com/calionauta/gogogo-fullstack-template/features/todo/components/todo_list_templ.go:352.32,354.4 1 0
github.com/calionauta/gogogo-fullstack-template/features/todo/components/todo_list_templ.go:355.3,356.32 2 2
github.com/calionauta/gogogo-fullstack-template/features/todo/components/todo_list_templ.go:356.32,358.4 1 0
github.com/calionauta/gogogo-fullstack-template/features/todo/components/todo_list_templ.go:359.3,359.13 1 2
github.com/calionauta/gogogo-fullstack-template/features/todo/components/todo_list_templ.go:368.55,369.131 1 2
github.com/calionauta/gogogo-fullstack-template/features/todo/components/todo_list_templ.go:369.131,371.71 2 2
github.com/calionauta/gogogo-fullstack-template/features/todo/components/todo_list_templ.go:371.71,373.4 1 0
github.com/calionauta/gogogo-fullstack-template/features/todo/components/todo_list_templ.go:374.3,375.31 2 2
github.com/calionauta/gogogo-fullstack-template/features/todo/components/todo_list_templ.go:375.31,376.17 1 0
github.com/calionauta/gogogo-fullstack-template/features/todo/components/todo_list_templ.go:376.17,378.34 2 0
github.com/calionauta/gogogo-fullstack-template/features/todo/components/todo_list_templ.go:378.34,380.6 1 0
github.com/calionauta/gogogo-fullstack-template/features/todo/components/todo_list_templ.go:383.3,385.34 3 2
github.com/calionauta/gogogo-fullstack-template/features/todo/components/todo_list_templ.go:385.34,387.4 1 0
github.com/calionauta/gogogo-fullstack-template/features/todo/components/todo_list_templ.go:388.3,390.32 3 2
github.com/calionauta/gogogo-fullstack-template/features/todo/components/todo_list_templ.go:390.32,392.4 1 0
github.com/calionauta/gogogo-fullstack-template/features/todo/components/todo_list_templ.go:393.3,393.13 1 2
github.com/calionauta/gogogo-fullstack-template/features/todo/components/todo_list_templ.go:402.55,403.131 1 2
github.com/calionauta/gogogo-fullstack-template/features/todo/components/todo_list_templ.go:403.131,405.71 2 2
github.com/calionauta/gogogo-fullstack-template/features/todo/components/todo_list_templ.go:405.71,407.4 1 0
github.com/calionauta/gogogo-fullstack-template/features/todo/components/todo_list_templ.go:408.3,409.31 2 2
github.com/calionauta/gogogo-fullstack-template/features/todo/components/todo_list_templ.go:409.31,410.17 1 0
github.com/calionauta/gogogo-fullstack-template/features/todo/components/todo_list_templ.go:410.17,412.34 2 0
github.com/calionauta/gogogo-fullstack-template/features/todo/components/todo_list_templ.go:412.34,414.6 1 0
github.com/calionauta/gogogo-fullstack-template/features/todo/components/todo_list_templ.go:417.3,419.34 3 2
github.com/calionauta/gogogo-fullstack-template/features/todo/components/todo_list_templ.go:419.34,421.4 1 0
github.com/calionauta/gogogo-fullstack-template/features/todo/components/todo_list_templ.go:422.3,424.32 3 2
github.com/calionauta/gogogo-fullstack-template/features/todo/components/todo_list_templ.go:424.32,426.4 1 0
github.com/calionauta/gogogo-fullstack-template/features/todo/components/todo_list_templ.go:427.3,428.32 2 2
github.com/calionauta/gogogo-fullstack-template/features/todo/components/todo_list_templ.go:428.32,430.4 1 0
github.com/calionauta/gogogo-fullstack-template/features/todo/components/todo_list_templ.go:431.3,432.32 2 2
github.com/calionauta/gogogo-fullstack-template/features/todo/components/todo_list_templ.go:432.32,434.4 1 0
github.com/calionauta/gogogo-fullstack-template/features/todo/components/todo_list_templ.go:435.3,436.32 2 2
github.com/calionauta/gogogo-fullstack-template/features/todo/components/todo_list_templ.go:436.32,438.4 1 0
github.com/calionauta/gogogo-fullstack-template/features/todo/components/todo_list_templ.go:439.3,440.32 2 2
github.com/calionauta/gogogo-fullstack-template/features/todo/components/todo_list_templ.go:440.32,442.4 1 0
github.com/calionauta/gogogo-fullstack-template/features/todo/components/todo_list_templ.go:443.3,443.13 1 2
github.com/calionauta/gogogo-fullstack-template/features/todo/components/todo_list_templ.go:450.63,451.131 1 6
github.com/calionauta/gogogo-fullstack-template/features/todo/components/todo_list_templ.go:451.131,453.71 2 6
github.com/calionauta/gogogo-fullstack-template/features/todo/components/todo_list_templ.go:453.71,455.4 1 0
github.com/calionauta/gogogo-fullstack-template/features/todo/components/todo_list_templ.go:456.3,457.31 2 6
github.com/calionauta/gogogo-fullstack-template/features/todo/components/todo_list_templ.go:457.31,458.17 1 0
github.com/calionauta/gogogo-fullstack-template/features/todo/components/todo_list_templ.go:458.17,460.34 2 0
github.com/calionauta/gogogo-fullstack-template/features/todo/components/todo_list_templ.go:460.34,462.6 1 0
github.com/calionauta/gogogo-fullstack-template/features/todo/components/todo_list_templ.go:465.3,467.34 3 6
github.com/calionauta/gogogo-fullstack-template/features/todo/components/todo_list_templ.go:467.34,469.4 1 0
github.com/calionauta/gogogo-fullstack-template/features/todo/components/todo_list_templ.go:470.3,472.32 3 6
github.com/calionauta/gogogo-fullstack-template/features/todo/components/todo_list_templ.go:472.32,474.4 1 0
github.com/calionauta/gogogo-fullstack-template/features/todo/components/todo_list_templ.go:475.3,477.32 3 6
github.com/calionauta/gogogo-fullstack-template/features/todo/components/todo_list_templ.go:477.32,479.4 1 0
github.com/calionauta/gogogo-fullstack-template/features/todo/components/todo_list_templ.go:480.3,481.32 2 6
github.com/calionauta/gogogo-fullstack-template/features/todo/components/todo_list_templ.go:481.32,483.4 1 0
github.com/calionauta/gogogo-fullstack-template/features/todo/components/todo_list_templ.go:484.3,485.32 2 6
github.com/calionauta/gogogo-fullstack-template/features/todo/components/todo_list_templ.go:485.32,487.4 1 0
github.com/calionauta/gogogo-fullstack-template/features/todo/components/todo_list_templ.go:488.3,490.32 3 6
github.com/calionauta/gogogo-fullstack-template/features/todo/components/todo_list_templ.go:490.32,492.4 1 0
github.com/calionauta/gogogo-fullstack-template/features/todo/components/todo_list_templ.go:493.3,494.32 2 6
github.com/calionauta/gogogo-fullstack-template/features/todo/components/todo_list_templ.go:494.32,496.4 1 0
github.com/calionauta/gogogo-fullstack-template/features/todo/components/todo_list_templ.go:497.3,498.32 2 6
github.com/calionauta/gogogo-fullstack-template/features/todo/components/todo_list_templ.go:498.32,500.4 1 0
github.com/calionauta/gogogo-fullstack-template/features/todo/components/todo_list_templ.go:501.3,503.32 3 6
github.com/calionauta/gogogo-fullstack-template/features/todo/components/todo_list_templ.go:503.32,505.4 1 0
github.com/calionauta/gogogo-fullstack-template/features/todo/components/todo_list_templ.go:506.3,507.32 2 6
github.com/calionauta/gogogo-fullstack-template/features/todo/components/todo_list_templ.go:507.32,509.4 1 0
github.com/calionauta/gogogo-fullstack-template/features/todo/components/todo_list_templ.go:510.3,511.32 2 6
github.com/calionauta/gogogo-fullstack-template/features/todo/components/todo_list_templ.go:511.32,513.4 1 0
github.com/calionauta/gogogo-fullstack-template/features/todo/components/todo_list_templ.go:514.3,514.13 1 6
github.com/calionauta/gogogo-fullstack-template/features/todo/components/todo_list_templ.go:522.59,523.131 1 2
github.com/calionauta/gogogo-fullstack-template/features/todo/components/todo_list_templ.go:523.131,525.71 2 2
github.com/calionauta/gogogo-fullstack-template/features/todo/components/todo_list_templ.go:525.71,527.4 1 0
github.com/calionauta/gogogo-fullstack-template/features/todo/components/todo_list_templ.go:528.3,529.31 2 2
github.com/calionauta/gogogo-fullstack-template/features/todo/components/todo_list_templ.go:529.31,530.17 1 0
github.com/calionauta/gogogo-fullstack-template/features/todo/components/todo_list_templ.go:530.17,532.34 2 0
github.com/calionauta/gogogo-fullstack-template/features/todo/components/todo_list_templ.go:532.34,534.6 1 0
github.com/calionauta/gogogo-fullstack-template/features/todo/components/todo_list_templ.go:537.3,539.34 3 2
github.com/calionauta/gogogo-fullstack-template/features/todo/components/todo_list_templ.go:539.34,541.4 1 0
github.com/calionauta/gogogo-fullstack-template/features/todo/components/todo_list_templ.go:542.3,544.32 3 2
github.com/calionauta/gogogo-fullstack-template/features/todo/components/todo_list_templ.go:544.32,546.4 1 0
github.com/calionauta/gogogo-fullstack-template/features/todo/components/todo_list_templ.go:547.3,547.30 1 2
github.com/calionauta/gogogo-fullstack-template/features/todo/components/todo_list_templ.go:547.30,549.33 2 2
github.com/calionauta/gogogo-fullstack-template/features/todo/components/todo_list_templ.go:549.33,551.5 1 0
github.com/calionauta/gogogo-fullstack-template/features/todo/components/todo_list_templ.go:553.3,553.38 1 2
github.com/calionauta/gogogo-fullstack-template/features/todo/components/todo_list_templ.go:553.38,555.33 2 0
github.com/calionauta/gogogo-fullstack-template/features/todo/components/todo_list_templ.go:555.33,557.5 1 0
github.com/calionauta/gogogo-fullstack-template/features/todo/components/todo_list_templ.go:559.3,560.32 2 2
github.com/calionauta/gogogo-fullstack-template/features/todo/components/todo_list_templ.go:560.32,562.4 1 0
github.com/calionauta/gogogo-fullstack-template/features/todo/components/todo_list_templ.go:563.3,563.13 1 2
github.com/calionauta/gogogo-fullstack-template/features/todo/components/todo_list_templ.go:574.60,575.131 1 2
github.com/calionauta/gogogo-fullstack-template/features/todo/components/todo_list_templ.go:575.131,577.71 2 2
github.com/calionauta/gogogo-fullstack-template/features/todo/components/todo_list_templ.go:577.71,579.4 1 0
github.com/calionauta/gogogo-fullstack-template/features/todo/components/todo_list_templ.go:580.3,581.31 2 2
github.com/calionauta/gogogo-fullstack-template/features/todo/components/todo_list_templ.go:581.31,582.17 1 0
github.com/calionauta/gogogo-fullstack-template/features/todo/components/todo_list_templ.go:582.17,584.34 2 0
github.com/calionauta/gogogo-fullstack-template/features/todo/components/todo_list_templ.go:584.34,586.6 1 0
github.com/calionauta/gogogo-fullstack-template/features/todo/components/todo_list_templ.go:589.3,591.34 3 2
github.com/calionauta/gogogo-fullstack-template/features/todo/components/todo_list_templ.go:591.34,593.4 1 0
github.com/calionauta/gogogo-fullstack-template/features/todo/components/todo_list_templ.go:594.3,596.32 3 2
[...]
github.com/calionauta/gogogo-fullstack-template/internal/collab/sync_web.go:164.84,166.4 1 0
github.com/calionauta/gogogo-fullstack-template/internal/collab/sync_web.go:169.2,169.20 1 0
github.com/calionauta/gogogo-fullstack-template/internal/collab/sync_web.go:173.54,175.2 1 0
github.com/calionauta/gogogo-fullstack-template/internal/collab/sync_web.go:180.67,181.24 1 0
github.com/calionauta/gogogo-fullstack-template/internal/collab/sync_web.go:181.24,183.3 1 0
github.com/calionauta/gogogo-fullstack-template/internal/collab/sync_web.go:184.2,185.9 2 0
github.com/calionauta/gogogo-fullstack-template/internal/collab/sync_web.go:185.9,187.3 1 0
github.com/calionauta/gogogo-fullstack-template/internal/collab/sync_web.go:188.2,189.44 2 0
github.com/calionauta/gogogo-fullstack-template/internal/collab/sync_web.go:189.44,192.3 2 0
github.com/calionauta/gogogo-fullstack-template/internal/collab/sync_web.go:193.2,193.19 1 0
github.com/calionauta/gogogo-fullstack-template/internal/dagnats/dagnats.go:34.40,35.87 1 1
github.com/calionauta/gogogo-fullstack-template/internal/dagnats/dagnats.go:35.87,37.3 1 0
github.com/calionauta/gogogo-fullstack-template/internal/dagnats/dagnats.go:38.2,41.3 1 1
github.com/calionauta/gogogo-fullstack-template/internal/dagnats/dagnats.go:48.74,51.16 2 3
github.com/calionauta/gogogo-fullstack-template/internal/dagnats/dagnats.go:51.16,53.3 1 0
github.com/calionauta/gogogo-fullstack-template/internal/dagnats/dagnats.go:54.2,56.16 3 3
github.com/calionauta/gogogo-fullstack-template/internal/dagnats/dagnats.go:56.16,58.3 1 2
github.com/calionauta/gogogo-fullstack-template/internal/dagnats/dagnats.go:59.2,60.79 2 1
github.com/calionauta/gogogo-fullstack-template/internal/dagnats/dagnats.go:60.79,63.3 2 0
github.com/calionauta/gogogo-fullstack-template/internal/dagnats/dagnats.go:64.2,64.12 1 1
github.com/calionauta/gogogo-fullstack-template/internal/dagnats/dagnats.go:68.92,70.16 2 1
github.com/calionauta/gogogo-fullstack-template/internal/dagnats/dagnats.go:70.16,72.3 1 0
github.com/calionauta/gogogo-fullstack-template/internal/dagnats/dagnats.go:73.2,75.16 2 1
github.com/calionauta/gogogo-fullstack-template/internal/dagnats/dagnats.go:75.16,77.3 1 0
github.com/calionauta/gogogo-fullstack-template/internal/dagnats/dagnats.go:78.2,80.16 3 1
github.com/calionauta/gogogo-fullstack-template/internal/dagnats/dagnats.go:80.16,82.3 1 0
github.com/calionauta/gogogo-fullstack-template/internal/dagnats/dagnats.go:83.2,85.79 3 1
github.com/calionauta/gogogo-fullstack-template/internal/dagnats/dagnats.go:85.79,87.3 1 0
github.com/calionauta/gogogo-fullstack-template/internal/dagnats/dagnats.go:88.2,92.58 2 1
github.com/calionauta/gogogo-fullstack-template/internal/dagnats/dagnats.go:92.58,94.3 1 0
github.com/calionauta/gogogo-fullstack-template/internal/dagnats/dagnats.go:95.2,95.24 1 1
github.com/calionauta/gogogo-fullstack-template/internal/dagnats/dagnats.go:95.24,97.3 1 0
github.com/calionauta/gogogo-fullstack-template/internal/dagnats/dagnats.go:98.2,98.26 1 1
github.com/calionauta/gogogo-fullstack-template/internal/dagnats/dagnats.go:103.85,105.16 2 1
github.com/calionauta/gogogo-fullstack-template/internal/dagnats/dagnats.go:105.16,107.3 1 0
github.com/calionauta/gogogo-fullstack-template/internal/dagnats/dagnats.go:108.2,110.16 3 1
github.com/calionauta/gogogo-fullstack-template/internal/dagnats/dagnats.go:110.16,112.3 1 0
github.com/calionauta/gogogo-fullstack-template/internal/dagnats/dagnats.go:113.2,115.16 3 1
github.com/calionauta/gogogo-fullstack-template/internal/dagnats/dagnats.go:115.16,117.3 1 0
github.com/calionauta/gogogo-fullstack-template/internal/dagnats/dagnats.go:118.2,119.79 2 1
github.com/calionauta/gogogo-fullstack-template/internal/dagnats/dagnats.go:119.79,122.3 2 0
github.com/calionauta/gogogo-fullstack-template/internal/dagnats/dagnats.go:123.2,123.12 1 1
github.com/calionauta/gogogo-fullstack-template/internal/dagnats/dagnats.go:138.80,141.16 2 4
github.com/calionauta/gogogo-fullstack-template/internal/dagnats/dagnats.go:141.16,143.3 1 0
github.com/calionauta/gogogo-fullstack-template/internal/dagnats/dagnats.go:144.2,145.16 2 4
github.com/calionauta/gogogo-fullstack-template/internal/dagnats/dagnats.go:145.16,147.3 1 0
github.com/calionauta/gogogo-fullstack-template/internal/dagnats/dagnats.go:148.2,150.38 3 4
github.com/calionauta/gogogo-fullstack-template/internal/dagnats/dagnats.go:150.38,152.3 1 1
github.com/calionauta/gogogo-fullstack-template/internal/dagnats/dagnats.go:153.2,154.54 2 3
github.com/calionauta/gogogo-fullstack-template/internal/dagnats/dagnats.go:154.54,156.3 1 0
github.com/calionauta/gogogo-fullstack-template/internal/dagnats/dagnats.go:157.2,157.17 1 3
github.com/calionauta/gogogo-fullstack-template/internal/dagnats/dagnats.go:164.87,167.16 2 3
github.com/calionauta/gogogo-fullstack-template/internal/dagnats/dagnats.go:167.16,169.3 1 0
github.com/calionauta/gogogo-fullstack-template/internal/dagnats/dagnats.go:170.2,171.16 2 3
github.com/calionauta/gogogo-fullstack-template/internal/dagnats/dagnats.go:171.16,173.3 1 0
github.com/calionauta/gogogo-fullstack-template/internal/dagnats/dagnats.go:174.2,175.38 2 3
github.com/calionauta/gogogo-fullstack-template/internal/dagnats/dagnats.go:175.38,177.3 1 0
github.com/calionauta/gogogo-fullstack-template/internal/dagnats/dagnats.go:178.2,179.64 2 3
github.com/calionauta/gogogo-fullstack-template/internal/dagnats/dagnats.go:179.64,181.3 1 0
github.com/calionauta/gogogo-fullstack-template/internal/dagnats/dagnats.go:182.2,182.17 1 3
github.com/calionauta/gogogo-fullstack-template/internal/datastar/render.go:17.9,19.69 2 0
github.com/calionauta/gogogo-fullstack-template/internal/datastar/render.go:19.69,21.3 1 0
github.com/calionauta/gogogo-fullstack-template/internal/datastar/render.go:22.2,22.49 1 0
github.com/calionauta/gogogo-fullstack-template/internal/datastar/render.go:26.81,28.2 1 0
github.com/calionauta/gogogo-fullstack-template/internal/llm/goai.go:78.33,80.19 2 7
github.com/calionauta/gogogo-fullstack-template/internal/llm/goai.go:80.19,82.3 1 6
github.com/calionauta/gogogo-fullstack-template/internal/llm/goai.go:83.2,84.19 2 7
github.com/calionauta/gogogo-fullstack-template/internal/llm/goai.go:84.19,86.3 1 7
github.com/calionauta/gogogo-fullstack-template/internal/llm/goai.go:87.2,96.3 1 7
github.com/calionauta/gogogo-fullstack-template/internal/llm/goai.go:115.29,132.2 2 0
github.com/calionauta/gogogo-fullstack-template/internal/llm/goai.go:136.26,137.21 1 0
github.com/calionauta/gogogo-fullstack-template/internal/llm/goai.go:137.21,139.3 1 0
github.com/calionauta/gogogo-fullstack-template/internal/llm/goai.go:145.36,145.61 1 3
github.com/calionauta/gogogo-fullstack-template/internal/llm/goai.go:148.35,148.55 1 1
github.com/calionauta/gogogo-fullstack-template/internal/llm/goai.go:151.35,151.55 1 1
github.com/calionauta/gogogo-fullstack-template/internal/llm/goai.go:155.49,156.20 1 1
github.com/calionauta/gogogo-fullstack-template/internal/llm/goai.go:156.20,158.3 1 0
github.com/calionauta/gogogo-fullstack-template/internal/llm/goai.go:159.2,163.3 1 1
github.com/calionauta/gogogo-fullstack-template/internal/llm/goai.go:169.75,170.20 1 2
github.com/calionauta/gogogo-fullstack-template/internal/llm/goai.go:170.20,172.3 1 1
github.com/calionauta/gogogo-fullstack-template/internal/llm/goai.go:173.2,174.14 2 1
github.com/calionauta/gogogo-fullstack-template/internal/llm/goai.go:174.14,176.3 1 0
github.com/calionauta/gogogo-fullstack-template/internal/llm/goai.go:178.2,179.59 2 1
github.com/calionauta/gogogo-fullstack-template/internal/llm/goai.go:179.59,185.20 2 1
github.com/calionauta/gogogo-fullstack-template/internal/llm/goai.go:185.20,187.4 1 0
github.com/calionauta/gogogo-fullstack-template/internal/llm/goai.go:188.3,189.13 2 1
github.com/calionauta/gogogo-fullstack-template/internal/llm/goai.go:191.2,191.16 1 1
github.com/calionauta/gogogo-fullstack-template/internal/llm/goai.go:191.16,193.3 1 0
github.com/calionauta/gogogo-fullstack-template/internal/llm/goai.go:194.2,194.20 1 1
github.com/calionauta/gogogo-fullstack-template/internal/llm/goai.go:201.85,202.19 1 3
github.com/calionauta/gogogo-fullstack-template/internal/llm/goai.go:202.19,204.3 1 2
github.com/calionauta/gogogo-fullstack-template/internal/llm/goai.go:205.2,212.16 3 1
github.com/calionauta/gogogo-fullstack-template/internal/llm/goai.go:212.16,214.3 1 0
github.com/calionauta/gogogo-fullstack-template/internal/llm/goai.go:216.2,217.21 2 1
github.com/calionauta/gogogo-fullstack-template/internal/llm/goai.go:217.21,222.3 2 0
github.com/calionauta/gogogo-fullstack-template/internal/llm/goai.go:223.2,223.17 1 1
github.com/calionauta/gogogo-fullstack-template/internal/llm/goai.go:228.41,229.20 1 1
github.com/calionauta/gogogo-fullstack-template/internal/llm/goai.go:229.20,231.3 1 0
github.com/calionauta/gogogo-fullstack-template/internal/llm/goai.go:232.2,234.54 2 1
github.com/calionauta/gogogo-fullstack-template/internal/llm/goai.go:240.94,241.20 1 0
github.com/calionauta/gogogo-fullstack-template/internal/llm/goai.go:241.20,243.3 1 0
github.com/calionauta/gogogo-fullstack-template/internal/llm/goai.go:244.2,245.14 2 0
github.com/calionauta/gogogo-fullstack-template/internal/llm/goai.go:245.14,247.3 1 0
github.com/calionauta/gogogo-fullstack-template/internal/llm/goai.go:248.2,248.44 1 0
github.com/calionauta/gogogo-fullstack-template/internal/llm/goai.go:248.44,252.17 2 0
github.com/calionauta/gogogo-fullstack-template/internal/llm/goai.go:252.17,254.4 1 0
github.com/calionauta/gogogo-fullstack-template/internal/llm/goai.go:255.3,255.41 1 0
github.com/calionauta/gogogo-fullstack-template/internal/llm/goai.go:255.41,256.39 1 0
github.com/calionauta/gogogo-fullstack-template/internal/llm/goai.go:256.39,258.5 1 0
github.com/calionauta/gogogo-fullstack-template/internal/llm/goai.go:263.3,263.38 1 0
github.com/calionauta/gogogo-fullstack-template/internal/llm/goai.go:263.38,265.4 1 0
github.com/calionauta/gogogo-fullstack-template/internal/llm/goai.go:266.3,266.13 1 0
github.com/calionauta/gogogo-fullstack-template/internal/llm/streaming.go:26.53,29.35 2 8
github.com/calionauta/gogogo-fullstack-template/internal/llm/streaming.go:29.35,31.3 1 1
github.com/calionauta/gogogo-fullstack-template/internal/llm/streaming.go:33.2,34.17 2 8
github.com/calionauta/gogogo-fullstack-template/internal/llm/streaming.go:34.17,36.3 1 1
github.com/calionauta/gogogo-fullstack-template/internal/llm/streaming.go:37.2,38.60 2 7
github.com/calionauta/gogogo-fullstack-template/internal/llm/streaming.go:38.60,40.3 1 0
github.com/calionauta/gogogo-fullstack-template/internal/llm/streaming.go:42.2,43.24 2 7
github.com/calionauta/gogogo-fullstack-template/internal/llm/streaming.go:43.24,45.14 2 20
github.com/calionauta/gogogo-fullstack-template/internal/llm/streaming.go:45.14,46.12 1 1
github.com/calionauta/gogogo-fullstack-template/internal/llm/streaming.go:48.3,49.20 2 19
github.com/calionauta/gogogo-fullstack-template/internal/llm/streaming.go:49.20,50.9 1 5
github.com/calionauta/gogogo-fullstack-template/internal/llm/streaming.go:53.2,53.17 1 7
github.com/calionauta/gogogo-fullstack-template/internal/llm/streaming.go:58.38,59.40 1 1
github.com/calionauta/gogogo-fullstack-template/internal/llm/streaming.go:59.40,61.3 1 1
github.com/calionauta/gogogo-fullstack-template/internal/llm/streaming.go:62.2,62.45 1 1
github.com/calionauta/gogogo-fullstack-template/internal/llm/streaming.go:62.45,64.3 1 1
github.com/calionauta/gogogo-fullstack-template/internal/llm/streaming.go:65.2,65.29 1 1
github.com/calionauta/gogogo-fullstack-template/internal/llm/streaming.go:70.36,72.46 2 1
github.com/calionauta/gogogo-fullstack-template/internal/llm/streaming.go:72.46,76.17 3 3
github.com/calionauta/gogogo-fullstack-template/internal/llm/streaming.go:76.17,77.12 1 0
github.com/calionauta/gogogo-fullstack-template/internal/llm/streaming.go:79.3,80.20 2 3
github.com/calionauta/gogogo-fullstack-template/internal/llm/streaming.go:80.20,81.9 1 1
github.com/calionauta/gogogo-fullstack-template/internal/llm/streaming.go:84.2,84.12 1 1
github.com/calionauta/gogogo-fullstack-template/internal/llm/streaming.go:90.89,91.91 1 0
github.com/calionauta/gogogo-fullstack-template/internal/llm/streaming.go:91.91,93.3 1 0
github.com/calionauta/gogogo-fullstack-template/internal/llm/streaming.go:94.2,94.75 1 0
github.com/calionauta/gogogo-fullstack-template/internal/llm/streaming.go:94.75,96.17 2 0
github.com/calionauta/gogogo-fullstack-template/internal/llm/streaming.go:96.17,98.4 1 0
github.com/calionauta/gogogo-fullstack-template/internal/llm/streaming.go:99.3,99.68 1 0
github.com/calionauta/gogogo-fullstack-template/internal/llm/streaming.go:105.71,106.15 1 0
github.com/calionauta/gogogo-fullstack-template/internal/llm/streaming.go:106.15,106.37 1 0
github.com/calionauta/gogogo-fullstack-template/internal/llm/streaming.go:107.2,108.6 2 0
github.com/calionauta/gogogo-fullstack-template/internal/llm/streaming.go:108.6,110.12 2 0
github.com/calionauta/gogogo-fullstack-template/internal/llm/streaming.go:110.12,111.50 1 0
github.com/calionauta/gogogo-fullstack-template/internal/llm/streaming.go:111.50,113.5 1 0
github.com/calionauta/gogogo-fullstack-template/internal/llm/streaming.go:115.3,115.33 1 0
github.com/calionauta/gogogo-fullstack-template/internal/llm/streaming.go:115.33,117.4 1 0
github.com/calionauta/gogogo-fullstack-template/internal/llm/streaming.go:118.3,118.21 1 0
github.com/calionauta/gogogo-fullstack-template/internal/llm/streaming.go:118.21,120.4 1 0
github.com/calionauta/gogogo-fullstack-template/internal/llm/fakeserver/fakeserver.go:119.36,119.62 1 5
github.com/calionauta/gogogo-fullstack-template/internal/llm/fakeserver/fakeserver.go:119.62,119.86 1 5
github.com/calionauta/gogogo-fullstack-template/internal/llm/fakeserver/fakeserver.go:123.48,124.26 1 1
github.com/calionauta/gogogo-fullstack-template/internal/llm/fakeserver/fakeserver.go:124.26,124.53 1 1
github.com/calionauta/gogogo-fullstack-template/internal/llm/fakeserver/fakeserver.go:129.46,130.26 1 1
github.com/calionauta/gogogo-fullstack-template/internal/llm/fakeserver/fakeserver.go:130.26,130.54 1 1
github.com/calionauta/gogogo-fullstack-template/internal/llm/fakeserver/fakeserver.go:134.48,135.26 1 1
github.com/calionauta/gogogo-fullstack-template/internal/llm/fakeserver/fakeserver.go:135.26,135.49 1 1
github.com/calionauta/gogogo-fullstack-template/internal/llm/fakeserver/fakeserver.go:139.43,140.26 1 1
github.com/calionauta/gogogo-fullstack-template/internal/llm/fakeserver/fakeserver.go:140.26,142.29 2 1
github.com/calionauta/gogogo-fullstack-template/internal/llm/fakeserver/fakeserver.go:142.29,144.4 1 1
github.com/calionauta/gogogo-fullstack-template/internal/llm/fakeserver/fakeserver.go:145.3,145.19 1 1
github.com/calionauta/gogogo-fullstack-template/internal/llm/fakeserver/fakeserver.go:165.44,169.27 2 6
github.com/calionauta/gogogo-fullstack-template/internal/llm/fakeserver/fakeserver.go:169.27,171.3 1 9
github.com/calionauta/gogogo-fullstack-template/internal/llm/fakeserver/fakeserver.go:172.2,181.10 6 6
github.com/calionauta/gogogo-fullstack-template/internal/llm/fakeserver/fakeserver.go:186.52,191.2 4 6
github.com/calionauta/gogogo-fullstack-template/internal/llm/fakeserver/fakeserver.go:196.69,199.24 2 27
github.com/calionauta/gogogo-fullstack-template/internal/llm/fakeserver/fakeserver.go:199.24,202.3 2 1
github.com/calionauta/gogogo-fullstack-template/internal/llm/fakeserver/fakeserver.go:204.2,205.9 2 26
github.com/calionauta/gogogo-fullstack-template/internal/llm/fakeserver/fakeserver.go:205.9,207.3 1 0
github.com/calionauta/gogogo-fullstack-template/internal/llm/fakeserver/fakeserver.go:209.2,209.35 1 26
github.com/calionauta/gogogo-fullstack-template/internal/llm/fakeserver/fakeserver.go:209.35,211.3 1 2
github.com/calionauta/gogogo-fullstack-template/internal/llm/fakeserver/fakeserver.go:214.2,214.30 1 24
github.com/calionauta/gogogo-fullstack-template/internal/llm/fakeserver/fakeserver.go:214.30,215.10 1 1
github.com/calionauta/gogogo-fullstack-template/internal/llm/fakeserver/fakeserver.go:216.29,217.10 1 1
github.com/calionauta/gogogo-fullstack-template/internal/llm/fakeserver/fakeserver.go:218.43,218.43 0 0
github.com/calionauta/gogogo-fullstack-template/internal/llm/fakeserver/fakeserver.go:222.2,222.16 1 23
github.com/calionauta/gogogo-fullstack-template/internal/llm/fakeserver/fakeserver.go:222.16,225.3 2 1
github.com/calionauta/gogogo-fullstack-template/internal/llm/fakeserver/fakeserver.go:226.2,226.26 1 22
github.com/calionauta/gogogo-fullstack-template/internal/llm/fakeserver/fakeserver.go:232.63,233.33 1 27
github.com/calionauta/gogogo-fullstack-template/internal/llm/fakeserver/fakeserver.go:233.33,235.3 1 26
github.com/calionauta/gogogo-fullstack-template/internal/llm/fakeserver/fakeserver.go:236.2,237.29 2 1
github.com/calionauta/gogogo-fullstack-template/internal/llm/fakeserver/fakeserver.go:237.29,239.3 1 0
github.com/calionauta/gogogo-fullstack-template/internal/llm/fakeserver/fakeserver.go:240.2,240.16 1 1
github.com/calionauta/gogogo-fullstack-template/internal/llm/fakeserver/fakeserver.go:240.16,242.3 1 1
github.com/calionauta/gogogo-fullstack-template/internal/llm/fakeserver/fakeserver.go:243.2,243.14 1 1
github.com/calionauta/gogogo-fullstack-template/internal/llm/fakeserver/fakeserver.go:248.98,250.16 2 26
github.com/calionauta/gogogo-fullstack-template/internal/llm/fakeserver/fakeserver.go:250.16,251.17 1 0
github.com/calionauta/gogogo-fullstack-template/internal/llm/fakeserver/fakeserver.go:251.17,253.4 1 0
github.com/calionauta/gogogo-fullstack-template/internal/llm/fakeserver/fakeserver.go:254.3,255.32 2 0
github.com/calionauta/gogogo-fullstack-template/internal/llm/fakeserver/fakeserver.go:257.2,258.51 2 26
github.com/calionauta/gogogo-fullstack-template/internal/llm/fakeserver/fakeserver.go:258.51,259.17 1 0
github.com/calionauta/gogogo-fullstack-template/internal/llm/fakeserver/fakeserver.go:259.17,261.4 1 0
github.com/calionauta/gogogo-fullstack-template/internal/llm/fakeserver/fakeserver.go:262.3,263.32 2 0
github.com/calionauta/gogogo-fullstack-template/internal/llm/fakeserver/fakeserver.go:265.2,265.18 1 26
github.com/calionauta/gogogo-fullstack-template/internal/llm/fakeserver/fakeserver.go:272.80,274.53 2 26
github.com/calionauta/gogogo-fullstack-template/internal/llm/fakeserver/fakeserver.go:274.53,276.3 1 3
github.com/calionauta/gogogo-fullstack-template/internal/llm/fakeserver/fakeserver.go:277.2,277.29 1 26
github.com/calionauta/gogogo-fullstack-template/internal/llm/fakeserver/fakeserver.go:277.29,279.3 1 24
github.com/calionauta/gogogo-fullstack-template/internal/llm/fakeserver/fakeserver.go:280.2,284.14 5 2
github.com/calionauta/gogogo-fullstack-template/internal/llm/fakeserver/fakeserver.go:288.77,300.2 6 22
github.com/calionauta/gogogo-fullstack-template/internal/llm/fakeserver/fakeserver.go:308.77,313.9 5 1
github.com/calionauta/gogogo-fullstack-template/internal/llm/fakeserver/fakeserver.go:313.9,314.17 1 0
github.com/calionauta/gogogo-fullstack-template/internal/llm/fakeserver/fakeserver.go:314.17,316.4 1 0
github.com/calionauta/gogogo-fullstack-template/internal/llm/fakeserver/fakeserver.go:317.3,317.9 1 0
github.com/calionauta/gogogo-fullstack-template/internal/llm/fakeserver/fakeserver.go:320.2,321.22 2 1
github.com/calionauta/gogogo-fullstack-template/internal/llm/fakeserver/fakeserver.go:321.22,324.22 2 0
github.com/calionauta/gogogo-fullstack-template/internal/llm/fakeserver/fakeserver.go:324.22,327.4 1 0
github.com/calionauta/gogogo-fullstack-template/internal/llm/fakeserver/fakeserver.go:330.2,330.31 1 1
github.com/calionauta/gogogo-fullstack-template/internal/llm/fakeserver/fakeserver.go:330.31,341.3 6 3
github.com/calionauta/gogogo-fullstack-template/internal/llm/fakeserver/fakeserver.go:342.2,343.17 2 1
github.com/calionauta/gogogo-fullstack-template/internal/llm/fakeserver/fakeserver.go:348.40,348.69 1 3
